2023-02-07 00:08:14.817 [DEBU] {18183a83fe474117c38e00622a70aa49} [  8 ms] [default] [goFrameMall] [rows:0  ] [txid:1] BEGIN
2023-02-07 00:08:14.827 [DEBU] {18183a83fe474117c38e00622a70aa49} [  8 ms] [default] [goFrameMall] [rows:7  ] [txid:1] SHOW FULL COLUMNS FROM `rotation_info`
2023-02-07 00:08:14.832 [DEBU] {18183a83fe474117c38e00622a70aa49} [  4 ms] [default] [goFrameMall] [rows:0  ] [txid:1] UPDATE `rotation_info` SET `pic_url`='updateTest',`updated_at`='2023-02-07 00:08:14',`link`='updateTest',`sort`=0 WHERE (`id`=13) AND `deleted_at` IS NULL
2023-02-07 00:08:14.833 [DEBU] {18183a83fe474117c38e00622a70aa49} [  1 ms] [default] [goFrameMall] [rows:0  ] [txid:1] COMMIT
2023-02-07 00:09:29.630 [DEBU] {389d18ee0f484117c48e0062ae458ab7} [ 15 ms] [default] [goFrameMall] [rows:1  ] INSERT INTO `rotation_info`(`sort`,`pic_url`,`link`,`updated_at`,`created_at`) VALUES(1,'https://typora-photos.oss-cn-shenzhen.aliyuncs.com/夏日花火.jpg','https://flowus.cn/0a079994-85a9-4b84-8d59-a18b77ebd5cb','2023-02-07 00:09:29','2023-02-07 00:09:29') 
2023-02-07 00:09:42.930 [DEBU] {38e2c00713484117c58e0062bf9a7305} [  0 ms] [default] [goFrameMall] [rows:0  ] [txid:2] BEGIN
2023-02-07 00:09:42.934 [DEBU] {38e2c00713484117c58e0062bf9a7305} [  3 ms] [default] [goFrameMall] [rows:1  ] [txid:2] UPDATE `rotation_info` SET `updated_at`='2023-02-07 00:09:42',`pic_url`='updateTest',`link`='updateTest',`sort`=0 WHERE (`id`=15) AND `deleted_at` IS NULL
2023-02-07 00:09:42.936 [DEBU] {38e2c00713484117c58e0062bf9a7305} [  1 ms] [default] [goFrameMall] [rows:0  ] [txid:2] COMMIT
2023-02-07 20:43:48.634 [DEBU] {08977f236b8b411796c66a3ac8893239} [  1 ms] [default] [goFrameMall] [rows:0  ] [txid:1] BEGIN
2023-02-07 20:43:48.643 [DEBU] {08977f236b8b411796c66a3ac8893239} [  6 ms] [default] [goFrameMall] [rows:7  ] [txid:1] SHOW FULL COLUMNS FROM `rotation_info`
2023-02-07 20:43:48.651 [DEBU] {08977f236b8b411796c66a3ac8893239} [  8 ms] [default] [goFrameMall] [rows:1  ] [txid:1] UPDATE `rotation_info` SET `pic_url`='updateTest',`link`='updateTest',`updated_at`='2023-02-07 20:43:48',`sort`=0 WHERE (`id`=15) AND `deleted_at` IS NULL
2023-02-07 20:43:48.654 [DEBU] {08977f236b8b411796c66a3ac8893239} [  2 ms] [default] [goFrameMall] [rows:0  ] [txid:1] COMMIT
2023-02-07 20:44:05.706 [DEBU] {184c261d6f8b411797c66a3ace4f186c} [  1 ms] [default] [goFrameMall] [rows:2  ] SELECT `id`,`pic_url`,`link`,`sort`,`created_at`,`updated_at`,`deleted_at` FROM `rotation_info` WHERE `deleted_at` IS NULL ORDER BY `id` DESC LIMIT 0,10
2023-02-07 20:44:05.709 [DEBU] {184c261d6f8b411797c66a3ace4f186c} [  2 ms] [default] [goFrameMall] [rows:1  ] SELECT COUNT(1) FROM `rotation_info` WHERE `deleted_at` IS NULL
2023-02-07 20:44:05.710 [DEBU] {184c261d6f8b411797c66a3ace4f186c} [  0 ms] [default] [goFrameMall] [rows:2  ] SELECT `id`,`sort`,`pic_url`,`link`,`created_at`,`updated_at` FROM `rotation_info` WHERE `deleted_at` IS NULL ORDER BY `id` DESC LIMIT 0,10
2023-02-07 20:48:10.332 [DEBU] {e0bab310a88b4117bf80e11712952acd} [ 20 ms] [default] [goFrameMall] [rows:7  ] SHOW FULL COLUMNS FROM `rotation_info`
2023-02-07 20:48:10.333 [DEBU] {e0bab310a88b4117bf80e11712952acd} [  0 ms] [default] [goFrameMall] [rows:2  ] SELECT `id`,`pic_url`,`link`,`sort`,`created_at`,`updated_at`,`deleted_at` FROM `rotation_info` WHERE `deleted_at` IS NULL ORDER BY `id` DESC LIMIT 0,10
2023-02-07 20:48:10.334 [DEBU] {e0bab310a88b4117bf80e11712952acd} [  1 ms] [default] [goFrameMall] [rows:1  ] SELECT COUNT(1) FROM `rotation_info` WHERE `deleted_at` IS NULL
2023-02-07 20:48:10.334 [DEBU] {e0bab310a88b4117bf80e11712952acd} [  0 ms] [default] [goFrameMall] [rows:2  ] SELECT `id`,`sort`,`pic_url`,`link`,`created_at`,`updated_at` FROM `rotation_info` WHERE `deleted_at` IS NULL ORDER BY `id` DESC LIMIT 0,10
2023-02-07 20:56:42.630 [DEBU] {c8d2a8581f8c411712cfdd447aa54604} [ 10 ms] [default] [goFrameMall] [rows:7  ] SHOW FULL COLUMNS FROM `rotation_info`
2023-02-07 20:56:42.632 [DEBU] {c8d2a8581f8c411712cfdd447aa54604} [  2 ms] [default] [goFrameMall] [rows:2  ] SELECT `id`,`pic_url`,`link`,`sort`,`created_at`,`updated_at`,`deleted_at` FROM `rotation_info` WHERE `deleted_at` IS NULL ORDER BY `id` DESC LIMIT 0,10
2023-02-07 20:56:42.632 [DEBU] {c8d2a8581f8c411712cfdd447aa54604} [  0 ms] [default] [goFrameMall] [rows:1  ] SELECT COUNT(1) FROM `rotation_info` WHERE `deleted_at` IS NULL
2023-02-07 20:56:42.633 [DEBU] {c8d2a8581f8c411712cfdd447aa54604} [  0 ms] [default] [goFrameMall] [rows:2  ] SELECT * FROM `rotation_info` WHERE `deleted_at` IS NULL ORDER BY `id` DESC LIMIT 0,10
2023-02-07 22:39:53.693 [DEBU] {98a1a2cdc0914117e09694333fa52159} [ 63 ms] [default] [goFrameMall] [rows:7  ] SHOW FULL COLUMNS FROM `rotation_info`
2023-02-07 22:39:53.696 [DEBU] {98a1a2cdc0914117e09694333fa52159} [  2 ms] [default] [goFrameMall] [rows:2  ] SELECT `id`,`pic_url`,`link`,`sort`,`created_at`,`updated_at`,`deleted_at` FROM `rotation_info` WHERE `deleted_at` IS NULL ORDER BY `id` DESC LIMIT 0,10
2023-02-07 22:39:53.697 [DEBU] {98a1a2cdc0914117e09694333fa52159} [  1 ms] [default] [goFrameMall] [rows:1  ] SELECT COUNT(1) FROM `rotation_info` WHERE `deleted_at` IS NULL
2023-02-07 22:42:38.054 [DEBU] {882aad14e79141176ba1985cc54eb53b} [ 23 ms] [default] [goFrameMall] [rows:7  ] SHOW FULL COLUMNS FROM `rotation_info`
2023-02-07 22:42:38.056 [DEBU] {882aad14e79141176ba1985cc54eb53b} [  2 ms] [default] [goFrameMall] [rows:2  ] SELECT `id`,`pic_url`,`link`,`sort`,`created_at`,`updated_at`,`deleted_at` FROM `rotation_info` WHERE `deleted_at` IS NULL ORDER BY `id` DESC LIMIT 0,10
2023-02-07 22:42:38.057 [DEBU] {882aad14e79141176ba1985cc54eb53b} [  0 ms] [default] [goFrameMall] [rows:1  ] SELECT COUNT(1) FROM `rotation_info` WHERE `deleted_at` IS NULL
2023-02-07 22:42:38.058 [DEBU] {882aad14e79141176ba1985cc54eb53b} [  1 ms] [default] [goFrameMall] [rows:2  ] SELECT `id`,`sort`,`pic_url`,`link`,`created_at`,`updated_at` FROM `rotation_info` WHERE `deleted_at` IS NULL ORDER BY `id` DESC LIMIT 0,10
2023-02-07 22:52:58.114 [DEBU] {383a7173779241175be3ef674f07ac00} [ 17 ms] [default] [goFrameMall] [rows:7  ] SHOW FULL COLUMNS FROM `rotation_info`
2023-02-07 22:52:58.117 [DEBU] {383a7173779241175be3ef674f07ac00} [  2 ms] [default] [goFrameMall] [rows:2  ] SELECT `id`,`pic_url`,`link`,`sort`,`created_at`,`updated_at`,`deleted_at` FROM `rotation_info` WHERE `deleted_at` IS NULL ORDER BY `id` DESC LIMIT 0,10
2023-02-07 22:52:58.118 [DEBU] {383a7173779241175be3ef674f07ac00} [  1 ms] [default] [goFrameMall] [rows:1  ] SELECT COUNT(1) FROM `rotation_info` WHERE `deleted_at` IS NULL
2023-02-07 22:53:18.620 [DEBU] {989a303a7c9241173c5482646bcdc202} [ 10 ms] [default] [goFrameMall] [rows:7  ] SHOW FULL COLUMNS FROM `rotation_info`
2023-02-07 22:53:18.625 [DEBU] {989a303a7c9241173c5482646bcdc202} [  1 ms] [default] [goFrameMall] [rows:2  ] SELECT `id`,`pic_url`,`link`,`sort`,`created_at`,`updated_at`,`deleted_at` FROM `rotation_info` WHERE `deleted_at` IS NULL ORDER BY `id` DESC LIMIT 0,10
2023-02-07 22:53:18.629 [DEBU] {989a303a7c9241173c5482646bcdc202} [  2 ms] [default] [goFrameMall] [rows:1  ] SELECT COUNT(1) FROM `rotation_info` WHERE `deleted_at` IS NULL
2023-02-07 22:53:18.630 [DEBU] {989a303a7c9241173c5482646bcdc202} [  1 ms] [default] [goFrameMall] [rows:2  ] SELECT `id`,`sort`,`pic_url`,`link`,`created_at`,`updated_at` FROM `rotation_info` WHERE `deleted_at` IS NULL ORDER BY `id` DESC LIMIT 0,10
2023-02-07 22:57:41.060 [DEBU] {d025cf54b99241171d3a847ebe807fd2} [ 10 ms] [default] [goFrameMall] [rows:7  ] SHOW FULL COLUMNS FROM `rotation_info`
2023-02-07 22:57:41.063 [DEBU] {d025cf54b99241171d3a847ebe807fd2} [  2 ms] [default] [goFrameMall] [rows:2  ] SELECT `id`,`pic_url`,`link`,`sort`,`created_at`,`updated_at`,`deleted_at` FROM `rotation_info` WHERE `deleted_at` IS NULL ORDER BY `id` DESC LIMIT 0,10
2023-02-07 22:57:41.064 [DEBU] {d025cf54b99241171d3a847ebe807fd2} [  1 ms] [default] [goFrameMall] [rows:1  ] SELECT COUNT(1) FROM `rotation_info` WHERE `deleted_at` IS NULL
2023-02-07 22:57:41.065 [DEBU] {d025cf54b99241171d3a847ebe807fd2} [  1 ms] [default] [goFrameMall] [rows:2  ] SELECT `id`,`sort`,`pic_url`,`link`,`created_at`,`updated_at` FROM `rotation_info` WHERE `deleted_at` IS NULL ORDER BY `id` DESC LIMIT 0,10
2023-02-07 22:59:04.411 [DEBU] {58e8e0bccc924117c5bb5b59e1c130a2} [ 11 ms] [default] [goFrameMall] [rows:7  ] SHOW FULL COLUMNS FROM `rotation_info`
2023-02-07 22:59:04.413 [DEBU] {58e8e0bccc924117c5bb5b59e1c130a2} [  1 ms] [default] [goFrameMall] [rows:2  ] SELECT `id`,`pic_url`,`link`,`sort`,`created_at`,`updated_at`,`deleted_at` FROM `rotation_info` WHERE `deleted_at` IS NULL ORDER BY `id` DESC LIMIT 0,10
2023-02-07 22:59:04.416 [DEBU] {58e8e0bccc924117c5bb5b59e1c130a2} [  2 ms] [default] [goFrameMall] [rows:1  ] SELECT COUNT(1) FROM `rotation_info` WHERE `deleted_at` IS NULL
2023-02-07 22:59:04.417 [DEBU] {58e8e0bccc924117c5bb5b59e1c130a2} [  1 ms] [default] [goFrameMall] [rows:2  ] SELECT `id`,`sort`,`pic_url`,`link`,`created_at`,`updated_at` FROM `rotation_info` WHERE `deleted_at` IS NULL ORDER BY `id` DESC LIMIT 0,10
2023-02-07 22:59:17.153 [DEBU] {604027b4cf924117c6bb5b595334a6d8} [ 16 ms] [default] [goFrameMall] [rows:1  ] INSERT INTO `rotation_info`(`sort`,`updated_at`,`link`,`created_at`,`pic_url`) VALUES(1,'2023-02-07 22:59:17','https://flowus.cn/0a079994-85a9-4b84-8d59-a18b77ebd5cb','2023-02-07 22:59:17','https://typora-photos.oss-cn-shenzhen.aliyuncs.com/夏日花火.jpg') 
2023-02-07 22:59:20.026 [DEBU] {f82a3e60d0924117c7bb5b591c0fff44} [  1 ms] [default] [goFrameMall] [rows:3  ] SELECT `id`,`pic_url`,`link`,`sort`,`created_at`,`updated_at`,`deleted_at` FROM `rotation_info` WHERE `deleted_at` IS NULL ORDER BY `id` DESC LIMIT 0,10
2023-02-07 22:59:20.028 [DEBU] {f82a3e60d0924117c7bb5b591c0fff44} [  1 ms] [default] [goFrameMall] [rows:1  ] SELECT COUNT(1) FROM `rotation_info` WHERE `deleted_at` IS NULL
2023-02-07 22:59:20.029 [DEBU] {f82a3e60d0924117c7bb5b591c0fff44} [  1 ms] [default] [goFrameMall] [rows:3  ] SELECT `id`,`sort`,`pic_url`,`link`,`created_at`,`updated_at` FROM `rotation_info` WHERE `deleted_at` IS NULL ORDER BY `id` DESC LIMIT 0,10
