2023-02-08 11:14:14.127 [DEBU] {e8fffed3eaba411783f4ae7376fe4545} [ 24 ms] [default] [goFrameMall] [rows:9  ] SHOW FULL COLUMNS FROM `position_info`
2023-02-08 11:14:14.136 [DEBU] {e8fffed3eaba411783f4ae7376fe4545} [  8 ms] [default] [goFrameMall] [rows:1  ] INSERT INTO `position_info`(`created_at`,`sort`,`updated_at`,`pic_url`,`goods_name`,`goods_id`,`link`) VALUES('2023-02-08 11:14:14',1,'2023-02-08 11:14:14','https://typora-photos.oss-cn-shenzhen.aliyuncs.com/夏日花火.jpg','goodsNameTest',1,'https://flowus.cn/0a079994-85a9-4b84-8d59-a18b77ebd5cb') 
2023-02-08 11:16:09.391 [DEBU] {302f9fab05bb411784f4ae73af4373b1} [  4 ms] [default] [goFrameMall] [rows:0  ] [txid:1] BEGIN
2023-02-08 11:16:09.394 [DEBU] {302f9fab05bb411784f4ae73af4373b1} [  3 ms] [default] [goFrameMall] [rows:1  ] [txid:1] UPDATE `position_info` SET `deleted_at`='2023-02-08 11:16:09' WHERE (`id`=3) AND `deleted_at` IS NULL
2023-02-08 11:16:09.396 [DEBU] {302f9fab05bb411784f4ae73af4373b1} [  2 ms] [default] [goFrameMall] [rows:0  ] [txid:1] COMMIT
2023-02-08 11:17:42.439 [DEBU] {3073cd551bbb411785f4ae73aaecb38a} [  2 ms] [default] [goFrameMall] [rows:0  ] SELECT `id`,`pic_url`,`goods_name`,`link`,`sort`,`goods_id`,`created_at`,`updated_at`,`deleted_at` FROM `position_info` WHERE `deleted_at` IS NULL ORDER BY `id` DESC LIMIT 0,10
2023-02-08 11:18:00.956 [DEBU] {006d7da51fbb411786f4ae7399144654} [  3 ms] [default] [goFrameMall] [rows:1  ] INSERT INTO `position_info`(`goods_name`,`goods_id`,`updated_at`,`created_at`,`link`,`sort`,`pic_url`) VALUES('goodsNameTest',1,'2023-02-08 11:18:00','2023-02-08 11:18:00','https://flowus.cn/0a079994-85a9-4b84-8d59-a18b77ebd5cb',1,'https://typora-photos.oss-cn-shenzhen.aliyuncs.com/夏日花火.jpg') 
2023-02-08 11:18:04.513 [DEBU] {68779a7920bb411787f4ae735674e466} [  1 ms] [default] [goFrameMall] [rows:1  ] SELECT `id`,`pic_url`,`goods_name`,`link`,`sort`,`goods_id`,`created_at`,`updated_at`,`deleted_at` FROM `position_info` WHERE `deleted_at` IS NULL ORDER BY `id` DESC LIMIT 0,10
2023-02-08 11:18:04.515 [DEBU] {68779a7920bb411787f4ae735674e466} [  2 ms] [default] [goFrameMall] [rows:1  ] SELECT COUNT(1) FROM `position_info` WHERE `deleted_at` IS NULL
2023-02-08 11:18:04.516 [DEBU] {68779a7920bb411787f4ae735674e466} [  0 ms] [default] [goFrameMall] [rows:1  ] SELECT `id`,`sort`,`pic_url`,`goods_name`,`goods_id`,`link`,`created_at`,`updated_at` FROM `position_info` WHERE `deleted_at` IS NULL ORDER BY `id` DESC LIMIT 0,10
2023-02-08 11:23:22.482 [DEBU] {0040d3816abb41178af4ae73929c38f3} [  5 ms] [default] [goFrameMall] [rows:0  ] [txid:2] BEGIN
2023-02-08 11:23:22.485 [DEBU] {0040d3816abb41178af4ae73929c38f3} [  2 ms] [default] [goFrameMall] [rows:1  ] [txid:2] UPDATE `position_info` SET `pic_url`='updateTest',`updated_at`='2023-02-08 11:23:22',`goods_id`=-1,`goods_name`='updateTest',`link`='updateTest',`sort`=-1 WHERE (`id`=4) AND `deleted_at` IS NULL
2023-02-08 11:23:22.487 [DEBU] {0040d3816abb41178af4ae73929c38f3} [  2 ms] [default] [goFrameMall] [rows:0  ] [txid:2] COMMIT
2023-02-08 22:16:51.869 [DEBU] {b81c52a613df41170e722e41f6af8baa} [ 22 ms] [default] [goFrameMall] [rows:8  ] SHOW FULL COLUMNS FROM `admin_info`
2023-02-08 22:16:51.882 [ERRO] {b81c52a613df41170e722e41f6af8baa} [ 11 ms] [default] [goFrameMall] [rows:0  ] INSERT INTO `admin_info`(`role_ids`,`created_at`,`updated_at`,`user_salt`,`is_admin`,`name`,`password`) VALUES('1','2023-02-08 22:16:51','2023-02-08 22:16:51','6G9tVnUkpE',1,'李四','167a4fdff152d9e70e7e0899aab06c36') 
Error: Error 1062 (23000): Duplicate entry '李四' for key 'admin_info.name_unique'
Stack:
1.  github.com/gogf/gf/v2/database/gdb.(*Core).writeSqlToLogger
    /Users/alulu/go/pkg/mod/github.com/gogf/gf/v2@v2.3.1/database/gdb/gdb_core.go:663
2.  github.com/gogf/gf/v2/database/gdb.(*Core).DoCommit
    /Users/alulu/go/pkg/mod/github.com/gogf/gf/v2@v2.3.1/database/gdb/gdb_core_underlying.go:278
3.  github.com/gogf/gf/v2/database/gdb.(*Core).DoExec
    /Users/alulu/go/pkg/mod/github.com/gogf/gf/v2@v2.3.1/database/gdb/gdb_core_underlying.go:135
4.  github.com/gogf/gf/v2/database/gdb.(*Core).DoInsert
    /Users/alulu/go/pkg/mod/github.com/gogf/gf/v2@v2.3.1/database/gdb/gdb_core.go:440
5.  github.com/gogf/gf/v2/database/gdb.(*HookInsertInput).Next
    /Users/alulu/go/pkg/mod/github.com/gogf/gf/v2@v2.3.1/database/gdb/gdb_model_hook.go:122
6.  github.com/gogf/gf/v2/database/gdb.(*Model).doInsertWithOption
    /Users/alulu/go/pkg/mod/github.com/gogf/gf/v2@v2.3.1/database/gdb/gdb_model_insert.go:371
7.  github.com/gogf/gf/v2/database/gdb.(*Model).InsertAndGetId
    /Users/alulu/go/pkg/mod/github.com/gogf/gf/v2@v2.3.1/database/gdb/gdb_model_insert.go:202
8.  goFrameMall/internal/logic/admin.(*sAdmin).Create
    /Users/alulu/GolandProjects/goFrameMall/internal/logic/admin/admin.go:35
9.  goFrameMall/internal/controller.(*cAdmin).Create
    /Users/alulu/GolandProjects/goFrameMall/internal/controller/admin.go:16
10. github.com/gogf/gf/v2/net/ghttp.(*middleware).callHandlerFunc.func1
    /Users/alulu/go/pkg/mod/github.com/gogf/gf/v2@v2.3.1/net/ghttp/ghttp_request_middleware.go:152
11. github.com/gogf/gf/v2/net/ghttp.niceCallFunc
    /Users/alulu/go/pkg/mod/github.com/gogf/gf/v2@v2.3.1/net/ghttp/ghttp_func.go:55
12. github.com/gogf/gf/v2/net/ghttp.(*middleware).callHandlerFunc
    /Users/alulu/go/pkg/mod/github.com/gogf/gf/v2@v2.3.1/net/ghttp/ghttp_request_middleware.go:129
13. github.com/gogf/gf/v2/net/ghttp.(*middleware).Next.func1
    /Users/alulu/go/pkg/mod/github.com/gogf/gf/v2@v2.3.1/net/ghttp/ghttp_request_middleware.go:75
14. github.com/gogf/gf/v2/util/gutil.TryCatch
    /Users/alulu/go/pkg/mod/github.com/gogf/gf/v2@v2.3.1/util/gutil/gutil.go:56
15. github.com/gogf/gf/v2/net/ghttp.(*middleware).Next
    /Users/alulu/go/pkg/mod/github.com/gogf/gf/v2@v2.3.1/net/ghttp/ghttp_request_middleware.go:49
16. github.com/gogf/gf/v2/net/ghttp.MiddlewareHandlerResponse
    /Users/alulu/go/pkg/mod/github.com/gogf/gf/v2@v2.3.1/net/ghttp/ghttp_middleware_handler_response.go:25
17. github.com/gogf/gf/v2/net/ghttp.(*middleware).Next.func1.1
    /Users/alulu/go/pkg/mod/github.com/gogf/gf/v2@v2.3.1/net/ghttp/ghttp_request_middleware.go:55
18. github.com/gogf/gf/v2/net/ghttp.niceCallFunc
    /Users/alulu/go/pkg/mod/github.com/gogf/gf/v2@v2.3.1/net/ghttp/ghttp_func.go:55
19. github.com/gogf/gf/v2/net/ghttp.(*middleware).Next.func1
    /Users/alulu/go/pkg/mod/github.com/gogf/gf/v2@v2.3.1/net/ghttp/ghttp_request_middleware.go:54
20. github.com/gogf/gf/v2/util/gutil.TryCatch
    /Users/alulu/go/pkg/mod/github.com/gogf/gf/v2@v2.3.1/util/gutil/gutil.go:56
21. github.com/gogf/gf/v2/net/ghttp.(*middleware).Next
    /Users/alulu/go/pkg/mod/github.com/gogf/gf/v2@v2.3.1/net/ghttp/ghttp_request_middleware.go:49
22. github.com/gogf/gf/v2/net/ghttp.internalMiddlewareServerTracing
    /Users/alulu/go/pkg/mod/github.com/gogf/gf/v2@v2.3.1/net/ghttp/ghttp_middleware_tracing.go:78
23. github.com/gogf/gf/v2/net/ghttp.(*middleware).Next.func1.5
    /Users/alulu/go/pkg/mod/github.com/gogf/gf/v2@v2.3.1/net/ghttp/ghttp_request_middleware.go:96
24. github.com/gogf/gf/v2/net/ghttp.niceCallFunc
    /Users/alulu/go/pkg/mod/github.com/gogf/gf/v2@v2.3.1/net/ghttp/ghttp_func.go:55
25. github.com/gogf/gf/v2/net/ghttp.(*middleware).Next.func1
    /Users/alulu/go/pkg/mod/github.com/gogf/gf/v2@v2.3.1/net/ghttp/ghttp_request_middleware.go:95
26. github.com/gogf/gf/v2/util/gutil.TryCatch
    /Users/alulu/go/pkg/mod/github.com/gogf/gf/v2@v2.3.1/util/gutil/gutil.go:56
27. github.com/gogf/gf/v2/net/ghttp.(*middleware).Next
    /Users/alulu/go/pkg/mod/github.com/gogf/gf/v2@v2.3.1/net/ghttp/ghttp_request_middleware.go:49
28. github.com/gogf/gf/v2/net/ghttp.(*Server).ServeHTTP
    /Users/alulu/go/pkg/mod/github.com/gogf/gf/v2@v2.3.1/net/ghttp/ghttp_server_handler.go:132

2023-02-08 22:17:24.376 [DEBU] {0827dc371bdf41170f722e4184084278} [ 23 ms] [default] [goFrameMall] [rows:1  ] INSERT INTO `admin_info`(`updated_at`,`name`,`password`,`role_ids`,`user_salt`,`is_admin`,`created_at`) VALUES('2023-02-08 22:17:24','张三','4705363fcdf098eef3ea4251caeb849c','1','armaz6HcBJ',1,'2023-02-08 22:17:24') 
2023-02-08 22:19:57.706 [DEBU] {28c031ec3edf411710722e4183eb2f89} [  3 ms] [default] [goFrameMall] [rows:0  ] [txid:1] BEGIN
2023-02-08 22:19:57.714 [DEBU] {28c031ec3edf411710722e4183eb2f89} [  6 ms] [default] [goFrameMall] [rows:1  ] [txid:1] UPDATE `admin_info` SET `updated_at`='2023-02-08 22:19:57',`is_admin`=1,`name`='王二',`password`='9e6bba9101a31be7b282363a46e81391',`role_ids`='1',`user_salt`='2BokeCUlPa' WHERE `id`=17
2023-02-08 22:19:57.716 [DEBU] {28c031ec3edf411710722e4183eb2f89} [  2 ms] [default] [goFrameMall] [rows:0  ] [txid:1] COMMIT
2023-02-08 22:21:20.823 [DEBU] {b01e7e4652df411711722e4158fd953a} [  2 ms] [default] [goFrameMall] [rows:0  ] [txid:2] BEGIN
2023-02-08 22:21:20.827 [DEBU] {b01e7e4652df411711722e4158fd953a} [  2 ms] [default] [goFrameMall] [rows:1  ] [txid:2] UPDATE `admin_info` SET `updated_at`='2023-02-08 22:21:20',`role_ids`='1',`user_salt`='whS24V6cVI',`is_admin`=1,`name`='赵四',`password`='38ea6e0012ea251af08e12656b14f373' WHERE `id`=17
2023-02-08 22:21:20.829 [DEBU] {b01e7e4652df411711722e4158fd953a} [  2 ms] [default] [goFrameMall] [rows:0  ] [txid:2] COMMIT
2023-02-08 22:25:21.470 [DEBU] {7814e04d8adf411775c247621753130c} [  5 ms] [default] [goFrameMall] [rows:0  ] [txid:1] BEGIN
2023-02-08 22:25:21.478 [DEBU] {7814e04d8adf411775c247621753130c} [  7 ms] [default] [goFrameMall] [rows:8  ] [txid:1] SHOW FULL COLUMNS FROM `admin_info`
2023-02-08 22:25:21.480 [DEBU] {7814e04d8adf411775c247621753130c} [  2 ms] [default] [goFrameMall] [rows:1  ] [txid:1] DELETE FROM `admin_info` WHERE `id`=17
2023-02-08 22:25:21.484 [DEBU] {7814e04d8adf411775c247621753130c} [  1 ms] [default] [goFrameMall] [rows:0  ] [txid:1] COMMIT
2023-02-08 22:26:34.664 [DEBU] {d0ecca589bdf411776c247629905e970} [  3 ms] [default] [goFrameMall] [rows:4  ] SELECT `id`,`name`,`password`,`role_ids`,`created_at`,`updated_at`,`user_salt`,`is_admin` FROM `admin_info` LIMIT 0,10
2023-02-08 22:26:34.670 [DEBU] {d0ecca589bdf411776c247629905e970} [  6 ms] [default] [goFrameMall] [rows:1  ] SELECT COUNT(1) FROM `admin_info`
2023-02-08 22:26:34.671 [DEBU] {d0ecca589bdf411776c247629905e970} [  1 ms] [default] [goFrameMall] [rows:4  ] SELECT `id`,`name`,`role_ids`,`is_admin`,`created_at`,`updated_at` FROM `admin_info` LIMIT 0,10
