2023-03-06 15:13:18.268 [DEBU] {f83ccd530dc34917f9cff92de02cd1a4} [ 85 ms] [default] [goFrameMall] [rows:15 ] SHOW FULL COLUMNS FROM `order_info`
2023-03-06 15:13:18.272 [DEBU] {f83ccd530dc34917f9cff92de02cd1a4} [  3 ms] [default] [goFrameMall] [rows:1  ] SELECT `number`,`user_id`,`pay_type`,`remark`,`pay_at`,`status`,`consignee_name`,`consignee_phone`,`consignee_address`,`price`,`actual_price` FROM `order_info` WHERE `id`=8 LIMIT 1
2023-03-06 15:13:18.275 [DEBU] {f83ccd530dc34917f9cff92de02cd1a4} [  3 ms] [default] [goFrameMall] [rows:13 ] SHOW FULL COLUMNS FROM `order_goods_info`
2023-03-06 15:13:18.276 [DEBU] {f83ccd530dc34917f9cff92de02cd1a4} [  1 ms] [default] [goFrameMall] [rows:2  ] SELECT `order_id`,`goods_id`,`count`,`pay_type`,`remark`,`price`,`coupon_price`,`actual_price` FROM `order_goods_info` WHERE `order_id`=8
2023-03-06 15:28:10.327 [DEBU] {c059f20addc3491770b606324fb899db} [ 15 ms] [default] [goFrameMall] [rows:15 ] SHOW FULL COLUMNS FROM `order_info`
2023-03-06 15:28:10.343 [DEBU] {c059f20addc3491770b606324fb899db} [ 14 ms] [default] [goFrameMall] [rows:1  ] INSERT INTO `order_info`(`created_at`,`pay_type`,`pay_at`,`consignee_name`,`consignee_phone`,`price`,`user_id`,`status`,`updated_at`,`remark`,`number`,`consignee_address`,`actual_price`) VALUES('2023-03-06 15:28:10',1,'2023-03-06 15:28:10','新增测试','新增测试',1000,1,0,'2023-03-06 15:28:10','新增订单测试','1678087690312326000349','新增测试',990) 
2023-03-06 15:30:03.077 [DEBU] {6052954bf7c34917c743924671d6cfb0} [  9 ms] [default] [goFrameMall] [rows:15 ] SHOW FULL COLUMNS FROM `order_info`
2023-03-06 15:30:03.081 [DEBU] {6052954bf7c34917c743924671d6cfb0} [  3 ms] [default] [goFrameMall] [rows:1  ] INSERT INTO `order_info`(`status`,`number`,`updated_at`,`price`,`consignee_phone`,`actual_price`,`pay_at`,`consignee_name`,`created_at`,`pay_type`,`remark`,`consignee_address`,`user_id`) VALUES(0,'1678087803066877000946','2023-03-06 15:30:03',1000,'新增测试',990,'2023-03-06 15:30:03','新增测试','2023-03-06 15:30:03',1,'新增订单测试','新增测试',1) 
2023-03-06 15:58:02.421 [DEBU] {8046584b7ec549179a9c8078cbd3af59} [ 24 ms] [default] [goFrameMall] [rows:15 ] SHOW FULL COLUMNS FROM `order_info`
2023-03-06 15:58:02.424 [DEBU] {8046584b7ec549179a9c8078cbd3af59} [  2 ms] [default] [goFrameMall] [rows:1  ] INSERT INTO `order_info`(`price`,`actual_price`,`updated_at`,`consignee_address`,`pay_type`,`remark`,`pay_at`,`status`,`consignee_name`,`user_id`,`number`,`consignee_phone`,`created_at`) VALUES(1000,990,'2023-03-06 15:58:02','新增测试',1,'新增订单测试','2023-03-06 15:58:02',0,'新增测试',1,'1678089482395006000283','新增测试','2023-03-06 15:58:02') 
2023-03-06 15:58:02.425 [DEBU] {8046584b7ec549179a9c8078cbd3af59} [  1 ms] [default] [goFrameMall] [rows:13 ] SHOW FULL COLUMNS FROM `order_goods_info`
2023-03-06 15:58:02.425 [DEBU] {8046584b7ec549179a9c8078cbd3af59} [  0 ms] [default] [goFrameMall] [rows:1  ] INSERT INTO `order_goods_info`(`updated_at`,`count`,`remark`,`price`,`goods_id`,`pay_type`,`actual_price`,`order_id`,`created_at`,`coupon_price`) VALUES('2023-03-06 15:58:02',1,'增加订单测试',100,1,0,100,14,'2023-03-06 15:58:02',0) 
2023-03-06 16:03:20.289 [DEBU] {405d994dc8c54917ec05af5da2032c38} [ 27 ms] [default] [goFrameMall] [rows:15 ] SHOW FULL COLUMNS FROM `order_info`
2023-03-06 16:03:20.294 [DEBU] {405d994dc8c54917ec05af5da2032c38} [  4 ms] [default] [goFrameMall] [rows:1  ] INSERT INTO `order_info`(`number`,`user_id`,`created_at`,`pay_type`,`pay_at`,`consignee_name`,`consignee_address`,`remark`,`actual_price`,`updated_at`,`status`,`consignee_phone`,`price`) VALUES('1678089800260406000768',1,'2023-03-06 16:03:20',1,'2023-03-06 16:03:20','新增测试','新增测试','新增订单测试',990,'2023-03-06 16:03:20',0,'新增测试',1000) 
2023-03-06 16:03:20.300 [DEBU] {405d994dc8c54917ec05af5da2032c38} [  5 ms] [default] [goFrameMall] [rows:13 ] SHOW FULL COLUMNS FROM `order_goods_info`
2023-03-06 16:03:20.301 [DEBU] {405d994dc8c54917ec05af5da2032c38} [  1 ms] [default] [goFrameMall] [rows:1  ] INSERT INTO `order_goods_info`(`count`,`actual_price`,`order_id`,`created_at`,`goods_id`,`updated_at`,`remark`,`price`,`pay_type`,`coupon_price`) VALUES(1,100,15,'2023-03-06 16:03:20',1,'2023-03-06 16:03:20','增加多个订单商品测试',100,0,0) 
2023-03-06 16:03:20.303 [DEBU] {405d994dc8c54917ec05af5da2032c38} [  1 ms] [default] [goFrameMall] [rows:1  ] INSERT INTO `order_goods_info`(`goods_id`,`updated_at`,`order_id`,`coupon_price`,`actual_price`,`created_at`,`count`,`pay_type`,`remark`,`price`) VALUES(2,'2023-03-06 16:03:20',15,0,100,'2023-03-06 16:03:20',10,0,'增加多个订单商品测试',100) 
2023-03-06 16:11:06.768 [DEBU] {40ff28eb34c64917ffa08708aef8bfa4} [  8 ms] [default] [goFrameMall] [rows:15 ] SHOW FULL COLUMNS FROM `order_info`
2023-03-06 16:11:06.773 [DEBU] {40ff28eb34c64917ffa08708aef8bfa4} [  4 ms] [default] [goFrameMall] [rows:1  ] INSERT INTO `order_info`(`consignee_phone`,`user_id`,`number`,`updated_at`,`actual_price`,`remark`,`consignee_name`,`pay_type`,`status`,`consignee_address`,`pay_at`,`created_at`,`price`) VALUES('新增测试',1,'1678090266759314000745','2023-03-06 16:11:06',990,'新增订单测试','新增测试',1,0,'新增测试','2023-03-06 16:11:06','2023-03-06 16:11:06',1000) 
2023-03-06 16:11:06.776 [DEBU] {40ff28eb34c64917ffa08708aef8bfa4} [  2 ms] [default] [goFrameMall] [rows:13 ] SHOW FULL COLUMNS FROM `order_goods_info`
2023-03-06 16:11:06.777 [DEBU] {40ff28eb34c64917ffa08708aef8bfa4} [  1 ms] [default] [goFrameMall] [rows:1  ] INSERT INTO `order_goods_info`(`count`,`price`,`updated_at`,`coupon_price`,`goods_id`,`pay_type`,`created_at`,`actual_price`,`order_id`,`remark`) VALUES(1,100,'2023-03-06 16:11:06',0,1,1,'2023-03-06 16:11:06',100,16,'增加多个订单商品测试') 
2023-03-06 16:11:06.778 [DEBU] {40ff28eb34c64917ffa08708aef8bfa4} [  1 ms] [default] [goFrameMall] [rows:1  ] INSERT INTO `order_goods_info`(`goods_id`,`count`,`updated_at`,`actual_price`,`created_at`,`price`,`order_id`,`pay_type`,`remark`,`coupon_price`) VALUES(2,10,'2023-03-06 16:11:06',100,'2023-03-06 16:11:06',100,16,1,'增加多个订单商品测试',0) 
2023-03-06 16:37:30.838 [DEBU] {7810ecbca5c7491792c2e1372e7ad274} [ 11 ms] [default] [goFrameMall] [rows:8  ] SHOW FULL COLUMNS FROM `admin_info`
2023-03-06 16:37:30.842 [DEBU] {7810ecbca5c7491792c2e1372e7ad274} [  3 ms] [default] [goFrameMall] [rows:1  ] SELECT `id`,`is_admin`,`is_admin` FROM `admin_info` WHERE `id`=13 LIMIT 1
2023-03-06 16:37:30.843 [DEBU] {7810ecbca5c7491792c2e1372e7ad274} [  1 ms] [default] [goFrameMall] [rows:0  ] [txid:1] BEGIN
2023-03-06 16:37:30.845 [DEBU] {7810ecbca5c7491792c2e1372e7ad274} [  2 ms] [default] [goFrameMall] [rows:15 ] [txid:1] SHOW FULL COLUMNS FROM `order_info`
2023-03-06 16:37:30.856 [DEBU] {7810ecbca5c7491792c2e1372e7ad274} [ 10 ms] [default] [goFrameMall] [rows:1  ] [txid:1] UPDATE `order_info` SET `status`=1 WHERE `id`=16
2023-03-06 16:37:30.861 [DEBU] {7810ecbca5c7491792c2e1372e7ad274} [  5 ms] [default] [goFrameMall] [rows:0  ] [txid:1] COMMIT
2023-03-06 16:37:30.862 [DEBU] {7810ecbca5c7491792c2e1372e7ad274} [  0 ms] [default] [goFrameMall] [rows:0  ] [txid:2] BEGIN
2023-03-06 16:37:30.865 [DEBU] {7810ecbca5c7491792c2e1372e7ad274} [  3 ms] [default] [goFrameMall] [rows:13 ] [txid:2] SHOW FULL COLUMNS FROM `order_goods_info`
2023-03-06 16:37:30.867 [DEBU] {7810ecbca5c7491792c2e1372e7ad274} [  2 ms] [default] [goFrameMall] [rows:2  ] [txid:2] UPDATE `order_goods_info` SET `status`=1 WHERE `order_id`=16
2023-03-06 16:37:30.867 [DEBU] {7810ecbca5c7491792c2e1372e7ad274} [  0 ms] [default] [goFrameMall] [rows:0  ] [txid:2] UPDATE `order_goods_info` SET `status`=1 WHERE `id`=16
2023-03-06 16:37:30.868 [DEBU] {7810ecbca5c7491792c2e1372e7ad274} [  0 ms] [default] [goFrameMall] [rows:0  ] [txid:2] COMMIT
2023-03-06 16:40:15.320 [DEBU] {90d4d408ccc7491770503d7133fb303d} [ 10 ms] [default] [goFrameMall] [rows:15 ] SHOW FULL COLUMNS FROM `order_info`
2023-03-06 16:40:15.325 [DEBU] {90d4d408ccc7491770503d7133fb303d} [  4 ms] [default] [goFrameMall] [rows:1  ] INSERT INTO `order_info`(`user_id`,`pay_type`,`status`,`consignee_phone`,`price`,`updated_at`,`number`,`consignee_address`,`actual_price`,`pay_at`,`consignee_name`,`remark`,`created_at`) VALUES(1,1,1,'新增测试',1000,'2023-03-06 16:40:15','1678092015308863000866','新增测试',990,'2023-03-06 16:40:15','新增测试','新增订单测试','2023-03-06 16:40:15') 
2023-03-06 16:40:15.328 [DEBU] {90d4d408ccc7491770503d7133fb303d} [  3 ms] [default] [goFrameMall] [rows:13 ] SHOW FULL COLUMNS FROM `order_goods_info`
2023-03-06 16:40:15.337 [DEBU] {90d4d408ccc7491770503d7133fb303d} [  5 ms] [default] [goFrameMall] [rows:1  ] INSERT INTO `order_goods_info`(`goods_id`,`status`,`created_at`,`updated_at`,`actual_price`,`order_id`,`count`,`pay_type`,`price`,`remark`,`coupon_price`) VALUES(1,0,'2023-03-06 16:40:15','2023-03-06 16:40:15',100,17,1,1,100,'增加多个订单商品测试',0) 
2023-03-06 16:40:15.349 [DEBU] {90d4d408ccc7491770503d7133fb303d} [ 10 ms] [default] [goFrameMall] [rows:1  ] INSERT INTO `order_goods_info`(`updated_at`,`remark`,`created_at`,`price`,`pay_type`,`status`,`actual_price`,`order_id`,`goods_id`,`count`,`coupon_price`) VALUES('2023-03-06 16:40:15','增加多个订单商品测试','2023-03-06 16:40:15',100,1,0,100,17,2,10,0) 
