2023-03-05 00:06:04.411 [DEBU] {08d4cbe5f6424917de308f098669211c} [ 52 ms] [default] [goFrameMall] [rows:15 ] SHOW FULL COLUMNS FROM `order_info`
2023-03-05 00:06:04.415 [DEBU] {08d4cbe5f6424917de308f098669211c} [  1 ms] [default] [goFrameMall] [rows:10 ] SELECT `id`,`number`,`user_id`,`pay_type`,`created_at`,`updated_at`,`remark`,`pay_at`,`status`,`consignee_name`,`consignee_phone`,`consignee_address`,`price`,`coupon_price`,`actual_price` FROM `order_info` LIMIT 0,10
2023-03-05 00:06:04.418 [DEBU] {08d4cbe5f6424917de308f098669211c} [  2 ms] [default] [goFrameMall] [rows:1  ] SELECT COUNT(1) FROM `order_info`
2023-03-05 00:06:04.419 [DEBU] {08d4cbe5f6424917de308f098669211c} [  1 ms] [default] [goFrameMall] [rows:10 ] SELECT `id`,`number`,`user_id`,`pay_type`,`remark`,`pay_at`,`status`,`consignee_name`,`consignee_phone`,`consignee_address`,`price`,`actual_price`,`created_at`,`updated_at` FROM `order_info` LIMIT 0,10
2023-03-05 00:07:41.059 [DEBU] {286d2d690d4349176467f96bbecc99d2} [  7 ms] [default] [goFrameMall] [rows:15 ] SHOW FULL COLUMNS FROM `order_info`
2023-03-05 00:07:41.061 [DEBU] {286d2d690d4349176467f96bbecc99d2} [  1 ms] [default] [goFrameMall] [rows:10 ] SELECT `id`,`number`,`user_id`,`pay_type`,`created_at`,`updated_at`,`remark`,`pay_at`,`status`,`consignee_name`,`consignee_phone`,`consignee_address`,`price`,`coupon_price`,`actual_price` FROM `order_info` LIMIT 0,10
2023-03-05 00:07:41.063 [DEBU] {286d2d690d4349176467f96bbecc99d2} [  1 ms] [default] [goFrameMall] [rows:1  ] SELECT COUNT(1) FROM `order_info`
2023-03-05 00:07:41.064 [DEBU] {286d2d690d4349176467f96bbecc99d2} [  0 ms] [default] [goFrameMall] [rows:10 ] SELECT `id`,`number`,`user_id`,`pay_type`,`remark`,`pay_at`,`status`,`consignee_name`,`consignee_phone`,`consignee_address`,`price`,`actual_price`,`created_at`,`updated_at` FROM `order_info` LIMIT 0,10
2023-03-05 00:08:27.458 [DEBU] {d02dd3361843491734ccaa484c6caad7} [  7 ms] [default] [goFrameMall] [rows:15 ] SHOW FULL COLUMNS FROM `order_info`
2023-03-05 00:08:27.466 [DEBU] {d02dd3361843491734ccaa484c6caad7} [  7 ms] [default] [goFrameMall] [rows:10 ] SELECT `id`,`number`,`user_id`,`pay_type`,`created_at`,`updated_at`,`remark`,`pay_at`,`status`,`consignee_name`,`consignee_phone`,`consignee_address`,`price`,`coupon_price`,`actual_price` FROM `order_info` LIMIT 0,10
2023-03-05 00:08:27.468 [DEBU] {d02dd3361843491734ccaa484c6caad7} [  1 ms] [default] [goFrameMall] [rows:1  ] SELECT COUNT(1) FROM `order_info`
2023-03-05 00:08:27.469 [DEBU] {d02dd3361843491734ccaa484c6caad7} [  1 ms] [default] [goFrameMall] [rows:10 ] SELECT `id`,`number`,`user_id`,`pay_type`,`remark`,`pay_at`,`status`,`consignee_name`,`consignee_phone`,`consignee_address`,`price`,`actual_price`,`created_at`,`updated_at` FROM `order_info` LIMIT 0,10
2023-03-05 00:09:15.474 [DEBU] {d8f8f8642343491735ccaa486ff8133b} [  5 ms] [default] [goFrameMall] [rows:10 ] SELECT `id`,`number`,`user_id`,`pay_type`,`created_at`,`updated_at`,`remark`,`pay_at`,`status`,`consignee_name`,`consignee_phone`,`consignee_address`,`price`,`coupon_price`,`actual_price` FROM `order_info` LIMIT 0,10
2023-03-05 00:09:15.477 [DEBU] {d8f8f8642343491735ccaa486ff8133b} [  1 ms] [default] [goFrameMall] [rows:1  ] SELECT COUNT(1) FROM `order_info`
2023-03-05 00:09:15.479 [DEBU] {d8f8f8642343491735ccaa486ff8133b} [  0 ms] [default] [goFrameMall] [rows:10 ] SELECT `id`,`number`,`user_id`,`pay_type`,`remark`,`pay_at`,`status`,`consignee_name`,`consignee_phone`,`consignee_address`,`price`,`actual_price`,`created_at`,`updated_at` FROM `order_info` LIMIT 0,10
2023-03-05 00:10:14.041 [DEBU] {b073eb073143491736ccaa482dcf0a12} [  4 ms] [default] [goFrameMall] [rows:10 ] SELECT `id`,`number`,`user_id`,`pay_type`,`created_at`,`updated_at`,`remark`,`pay_at`,`status`,`consignee_name`,`consignee_phone`,`consignee_address`,`price`,`coupon_price`,`actual_price` FROM `order_info` LIMIT 0,10
2023-03-05 00:10:14.043 [DEBU] {b073eb073143491736ccaa482dcf0a12} [  1 ms] [default] [goFrameMall] [rows:1  ] SELECT COUNT(1) FROM `order_info`
2023-03-05 00:10:14.044 [DEBU] {b073eb073143491736ccaa482dcf0a12} [  1 ms] [default] [goFrameMall] [rows:10 ] SELECT `id`,`number`,`user_id`,`pay_type`,`remark`,`pay_at`,`status`,`consignee_name`,`consignee_phone`,`consignee_address`,`price`,`actual_price`,`created_at`,`updated_at` FROM `order_info` LIMIT 0,10
2023-03-05 00:10:40.646 [DEBU] {5083db393743491737ccaa48c978a18f} [  1 ms] [default] [goFrameMall] [rows:10 ] SELECT `id`,`number`,`user_id`,`pay_type`,`created_at`,`updated_at`,`remark`,`pay_at`,`status`,`consignee_name`,`consignee_phone`,`consignee_address`,`price`,`coupon_price`,`actual_price` FROM `order_info` LIMIT 0,10
2023-03-05 00:10:40.649 [DEBU] {5083db393743491737ccaa48c978a18f} [  1 ms] [default] [goFrameMall] [rows:1  ] SELECT COUNT(1) FROM `order_info`
2023-03-05 00:10:40.650 [DEBU] {5083db393743491737ccaa48c978a18f} [  1 ms] [default] [goFrameMall] [rows:10 ] SELECT `id`,`number`,`user_id`,`pay_type`,`remark`,`pay_at`,`status`,`consignee_name`,`consignee_phone`,`consignee_address`,`price`,`actual_price`,`created_at`,`updated_at` FROM `order_info` LIMIT 0,10
2023-03-05 00:11:27.589 [DEBU] {982fc1274243491738ccaa484fd13624} [  3 ms] [default] [goFrameMall] [rows:10 ] SELECT `id`,`number`,`user_id`,`pay_type`,`created_at`,`updated_at`,`remark`,`pay_at`,`status`,`consignee_name`,`consignee_phone`,`consignee_address`,`price`,`coupon_price`,`actual_price` FROM `order_info` LIMIT 0,10
2023-03-05 00:11:27.592 [DEBU] {982fc1274243491738ccaa484fd13624} [  0 ms] [default] [goFrameMall] [rows:1  ] SELECT COUNT(1) FROM `order_info`
2023-03-05 00:11:27.594 [DEBU] {982fc1274243491738ccaa484fd13624} [  1 ms] [default] [goFrameMall] [rows:10 ] SELECT `id`,`number`,`user_id`,`pay_type`,`remark`,`pay_at`,`status`,`consignee_name`,`consignee_phone`,`consignee_address`,`price`,`actual_price`,`created_at`,`updated_at` FROM `order_info` LIMIT 0,10
2023-03-05 00:11:53.333 [DEBU] {10ac54264843491739ccaa4855495177} [  1 ms] [default] [goFrameMall] [rows:10 ] SELECT `id`,`number`,`user_id`,`pay_type`,`created_at`,`updated_at`,`remark`,`pay_at`,`status`,`consignee_name`,`consignee_phone`,`consignee_address`,`price`,`coupon_price`,`actual_price` FROM `order_info` LIMIT 0,10
2023-03-05 00:11:53.337 [DEBU] {10ac54264843491739ccaa4855495177} [  1 ms] [default] [goFrameMall] [rows:1  ] SELECT COUNT(1) FROM `order_info`
2023-03-05 00:11:53.338 [DEBU] {10ac54264843491739ccaa4855495177} [  1 ms] [default] [goFrameMall] [rows:10 ] SELECT `id`,`number`,`user_id`,`pay_type`,`remark`,`pay_at`,`status`,`consignee_name`,`consignee_phone`,`consignee_address`,`price`,`actual_price`,`created_at`,`updated_at` FROM `order_info` LIMIT 0,10
2023-03-05 00:20:54.073 [DEBU] {e866a80cc643491716c0675e90ed969e} [  4 ms] [default] [goFrameMall] [rows:0  ] [txid:1] BEGIN
2023-03-05 00:20:54.078 [DEBU] {e866a80cc643491716c0675e90ed969e} [  4 ms] [default] [goFrameMall] [rows:13 ] [txid:1] SHOW FULL COLUMNS FROM `order_goods_info`
2023-03-05 00:20:54.086 [DEBU] {e866a80cc643491716c0675e90ed969e} [  7 ms] [default] [goFrameMall] [rows:1  ] [txid:1] UPDATE `order_goods_info` SET `remark`='修改更新备注测试',`actual_price`=90,`coupon_price`=10,`pay_type`=2,`count`=10,`price`=100,`updated_at`='2023-03-05 00:20:54' WHERE (`goods_id`=2) AND (`id`=3) AND (`status`=0)
2023-03-05 00:20:54.089 [DEBU] {e866a80cc643491716c0675e90ed969e} [  3 ms] [default] [goFrameMall] [rows:0  ] [txid:1] COMMIT
2023-03-05 00:31:52.448 [DEBU] {e0d3cd565f4449178823956e4aa09617} [  5 ms] [default] [goFrameMall] [rows:15 ] SHOW FULL COLUMNS FROM `order_info`
2023-03-05 00:31:52.452 [DEBU] {e0d3cd565f4449178823956e4aa09617} [  2 ms] [default] [goFrameMall] [rows:10 ] SELECT `id`,`number`,`user_id`,`pay_type`,`created_at`,`updated_at`,`remark`,`pay_at`,`status`,`consignee_name`,`consignee_phone`,`consignee_address`,`price`,`coupon_price`,`actual_price` FROM `order_info` LIMIT 0,10
2023-03-05 00:31:52.458 [DEBU] {e0d3cd565f4449178823956e4aa09617} [  4 ms] [default] [goFrameMall] [rows:1  ] SELECT COUNT(1) FROM `order_info`
2023-03-05 00:31:52.459 [DEBU] {e0d3cd565f4449178823956e4aa09617} [  1 ms] [default] [goFrameMall] [rows:10 ] SELECT `id`,`number`,`user_id`,`pay_type`,`remark`,`pay_at`,`status`,`consignee_name`,`consignee_phone`,`consignee_address`,`price`,`actual_price`,`created_at`,`updated_at` FROM `order_info` LIMIT 0,10
2023-03-05 00:49:23.322 [DEBU] {20ee7103544549175d3b8a74c9e49738} [ 10 ms] [default] [goFrameMall] [rows:15 ] SHOW FULL COLUMNS FROM `order_info`
2023-03-05 00:49:23.326 [DEBU] {20ee7103544549175d3b8a74c9e49738} [  2 ms] [default] [goFrameMall] [rows:1  ] SELECT `number`,`user_id`,`pay_type`,`remark`,`pay_at`,`status`,`consignee_name`,`consignee_phone`,`consignee_address`,`price`,`actual_price` FROM `order_info` WHERE `id`=10 LIMIT 1
2023-03-05 00:49:23.330 [DEBU] {20ee7103544549175d3b8a74c9e49738} [  3 ms] [default] [goFrameMall] [rows:13 ] SHOW FULL COLUMNS FROM `order_goods_info`
2023-03-05 00:49:23.331 [DEBU] {20ee7103544549175d3b8a74c9e49738} [  1 ms] [default] [goFrameMall] [rows:0  ] SELECT `goods_id`,`count`,`pay_type`,`remark`,`price`,`coupon_price`,`actual_price` FROM `order_goods_info` WHERE `order_id`=10
2023-03-05 00:52:39.975 [DEBU] {40c00acd8145491704176c7466375ecb} [  6 ms] [default] [goFrameMall] [rows:15 ] SHOW FULL COLUMNS FROM `order_info`
2023-03-05 00:52:39.976 [DEBU] {40c00acd8145491704176c7466375ecb} [  0 ms] [default] [goFrameMall] [rows:1  ] SELECT `number`,`user_id`,`pay_type`,`remark`,`pay_at`,`status`,`consignee_name`,`consignee_phone`,`consignee_address`,`price`,`actual_price` FROM `order_info` WHERE `id`=10 LIMIT 1
2023-03-05 00:52:39.978 [DEBU] {40c00acd8145491704176c7466375ecb} [  1 ms] [default] [goFrameMall] [rows:13 ] SHOW FULL COLUMNS FROM `order_goods_info`
2023-03-05 00:52:40.005 [DEBU] {40c00acd8145491704176c7466375ecb} [ 26 ms] [default] [goFrameMall] [rows:0  ] SELECT `goods_id`,`count`,`pay_type`,`remark`,`price`,`coupon_price`,`actual_price` FROM `order_goods_info` WHERE `order_id`=10
2023-03-05 00:52:49.949 [DEBU] {d8e506208445491705176c747befbfbe} [  1 ms] [default] [goFrameMall] [rows:1  ] SELECT `number`,`user_id`,`pay_type`,`remark`,`pay_at`,`status`,`consignee_name`,`consignee_phone`,`consignee_address`,`price`,`actual_price` FROM `order_info` WHERE `id`=1 LIMIT 1
2023-03-05 00:52:49.953 [DEBU] {d8e506208445491705176c747befbfbe} [  2 ms] [default] [goFrameMall] [rows:1  ] SELECT `goods_id`,`count`,`pay_type`,`remark`,`price`,`coupon_price`,`actual_price` FROM `order_goods_info` WHERE `order_id`=1
2023-03-05 00:53:38.859 [DEBU] {38b898828f45491706176c74d0978948} [ 13 ms] [default] [goFrameMall] [rows:1  ] SELECT `number`,`user_id`,`pay_type`,`remark`,`pay_at`,`status`,`consignee_name`,`consignee_phone`,`consignee_address`,`price`,`actual_price` FROM `order_info` WHERE `id`=1 LIMIT 1
2023-03-05 00:53:38.861 [DEBU] {38b898828f45491706176c74d0978948} [  2 ms] [default] [goFrameMall] [rows:1  ] SELECT `goods_id`,`count`,`pay_type`,`remark`,`price`,`coupon_price`,`actual_price` FROM `order_goods_info` WHERE `order_id`=1
2023-03-05 00:53:44.653 [DEBU] {c01341dc90454917340aab47ab83d29a} [  6 ms] [default] [goFrameMall] [rows:15 ] SHOW FULL COLUMNS FROM `order_info`
2023-03-05 00:53:44.654 [DEBU] {c01341dc90454917340aab47ab83d29a} [  0 ms] [default] [goFrameMall] [rows:1  ] SELECT `number`,`user_id`,`pay_type`,`remark`,`pay_at`,`status`,`consignee_name`,`consignee_phone`,`consignee_address`,`price`,`actual_price` FROM `order_info` WHERE `id`=2 LIMIT 1
2023-03-05 00:53:44.658 [DEBU] {c01341dc90454917340aab47ab83d29a} [  3 ms] [default] [goFrameMall] [rows:13 ] SHOW FULL COLUMNS FROM `order_goods_info`
2023-03-05 00:53:44.659 [DEBU] {c01341dc90454917340aab47ab83d29a} [  1 ms] [default] [goFrameMall] [rows:0  ] SELECT `goods_id`,`count`,`pay_type`,`remark`,`price`,`coupon_price`,`actual_price` FROM `order_goods_info` WHERE `order_id`=2
2023-03-05 00:54:00.206 [DEBU] {380c7e7b94454917350aab472ebcfd3b} [  5 ms] [default] [goFrameMall] [rows:1  ] SELECT `number`,`user_id`,`pay_type`,`remark`,`pay_at`,`status`,`consignee_name`,`consignee_phone`,`consignee_address`,`price`,`actual_price` FROM `order_info` WHERE `id`=3 LIMIT 1
2023-03-05 00:54:00.208 [DEBU] {380c7e7b94454917350aab472ebcfd3b} [  1 ms] [default] [goFrameMall] [rows:0  ] SELECT `goods_id`,`count`,`pay_type`,`remark`,`price`,`coupon_price`,`actual_price` FROM `order_goods_info` WHERE `order_id`=3
2023-03-05 00:54:43.104 [DEBU] {d8b271789e454917360aab47d0e04488} [  3 ms] [default] [goFrameMall] [rows:1  ] SELECT `number`,`user_id`,`pay_type`,`remark`,`pay_at`,`status`,`consignee_name`,`consignee_phone`,`consignee_address`,`price`,`actual_price` FROM `order_info` WHERE `id`=1 LIMIT 1
2023-03-05 00:54:43.106 [DEBU] {d8b271789e454917360aab47d0e04488} [  1 ms] [default] [goFrameMall] [rows:1  ] SELECT `goods_id`,`count`,`pay_type`,`remark`,`price`,`coupon_price`,`actual_price` FROM `order_goods_info` WHERE `order_id`=1
2023-03-05 00:54:48.883 [DEBU] {28651ad19f454917370aab47284c263e} [  1 ms] [default] [goFrameMall] [rows:1  ] SELECT `number`,`user_id`,`pay_type`,`remark`,`pay_at`,`status`,`consignee_name`,`consignee_phone`,`consignee_address`,`price`,`actual_price` FROM `order_info` WHERE `id`=2 LIMIT 1
2023-03-05 00:54:48.884 [DEBU] {28651ad19f454917370aab47284c263e} [  1 ms] [default] [goFrameMall] [rows:0  ] SELECT `goods_id`,`count`,`pay_type`,`remark`,`price`,`coupon_price`,`actual_price` FROM `order_goods_info` WHERE `order_id`=2
2023-03-05 00:56:21.079 [DEBU] {a8e44248b5454917380aab478c4b6368} [  3 ms] [default] [goFrameMall] [rows:1  ] SELECT `number`,`user_id`,`pay_type`,`remark`,`pay_at`,`status`,`consignee_name`,`consignee_phone`,`consignee_address`,`price`,`actual_price` FROM `order_info` WHERE `id`=8 LIMIT 1
2023-03-05 00:56:21.080 [DEBU] {a8e44248b5454917380aab478c4b6368} [  1 ms] [default] [goFrameMall] [rows:2  ] SELECT `goods_id`,`count`,`pay_type`,`remark`,`price`,`coupon_price`,`actual_price` FROM `order_goods_info` WHERE `order_id`=8
2023-03-05 16:03:43.794 [DEBU] {381f873339774917a7e58044ee07977b} [ 59 ms] [default] [goFrameMall] [rows:15 ] SHOW FULL COLUMNS FROM `order_info`
2023-03-05 16:03:43.796 [DEBU] {381f873339774917a7e58044ee07977b} [  1 ms] [default] [goFrameMall] [rows:1  ] SELECT `number`,`user_id`,`pay_type`,`remark`,`pay_at`,`status`,`consignee_name`,`consignee_phone`,`consignee_address`,`price`,`actual_price` FROM `order_info` WHERE `id`=8 LIMIT 1
2023-03-05 16:03:43.799 [DEBU] {381f873339774917a7e58044ee07977b} [  3 ms] [default] [goFrameMall] [rows:13 ] SHOW FULL COLUMNS FROM `order_goods_info`
2023-03-05 16:03:43.802 [DEBU] {381f873339774917a7e58044ee07977b} [  3 ms] [default] [goFrameMall] [rows:2  ] SELECT `goods_id`,`count`,`pay_type`,`remark`,`price`,`coupon_price`,`actual_price` FROM `order_goods_info` WHERE `order_id`=8
2023-03-05 16:07:21.532 [DEBU] {209055e86b7749174cf8db38d1faea6b} [ 15 ms] [default] [goFrameMall] [rows:15 ] SHOW FULL COLUMNS FROM `order_info`
2023-03-05 16:07:21.535 [DEBU] {209055e86b7749174cf8db38d1faea6b} [  2 ms] [default] [goFrameMall] [rows:1  ] SELECT `number`,`user_id`,`pay_type`,`remark`,`pay_at`,`status`,`consignee_name`,`consignee_phone`,`consignee_address`,`price`,`actual_price` FROM `order_info` WHERE `id`=8 LIMIT 1
2023-03-05 16:07:21.540 [DEBU] {209055e86b7749174cf8db38d1faea6b} [  4 ms] [default] [goFrameMall] [rows:13 ] SHOW FULL COLUMNS FROM `order_goods_info`
2023-03-05 16:07:21.542 [DEBU] {209055e86b7749174cf8db38d1faea6b} [  2 ms] [default] [goFrameMall] [rows:2  ] SELECT `goods_id`,`count`,`pay_type`,`remark`,`price`,`coupon_price`,`actual_price` FROM `order_goods_info` WHERE `order_id`=8
2023-03-05 16:59:33.771 [DEBU] {c0bb4730457a49170f001e5f59e3c72c} [ 16 ms] [default] [goFrameMall] [rows:8  ] SHOW FULL COLUMNS FROM `admin_info`
2023-03-05 16:59:33.779 [DEBU] {c0bb4730457a49170f001e5f59e3c72c} [  4 ms] [default] [goFrameMall] [rows:1  ] SELECT `is_admin` FROM `admin_info` LIMIT 1
2023-03-05 16:59:56.539 [DEBU] {5061507e4a7a491710001e5fd67f3b3a} [  1 ms] [default] [goFrameMall] [rows:1  ] SELECT `is_admin` FROM `admin_info` LIMIT 1
2023-03-05 17:00:00.520 [DEBU] {7050996b4b7a491711001e5f84e851ab} [  1 ms] [default] [goFrameMall] [rows:1  ] SELECT `is_admin` FROM `admin_info` LIMIT 1
2023-03-05 17:03:29.611 [DEBU] {40caed197c7a49172202f107f3feb243} [  9 ms] [default] [goFrameMall] [rows:8  ] SHOW FULL COLUMNS FROM `admin_info`
2023-03-05 17:03:29.615 [DEBU] {40caed197c7a49172202f107f3feb243} [  2 ms] [default] [goFrameMall] [rows:1  ] SELECT `id`,`is_admin`,`is_admin` FROM `admin_info` WHERE `id`=13 LIMIT 1
2023-03-05 17:03:29.615 [DEBU] {40caed197c7a49172202f107f3feb243} [  0 ms] [default] [goFrameMall] [rows:0  ] [txid:1] BEGIN
2023-03-05 17:03:29.619 [DEBU] {40caed197c7a49172202f107f3feb243} [  4 ms] [default] [goFrameMall] [rows:13 ] [txid:1] SHOW FULL COLUMNS FROM `order_goods_info`
2023-03-05 17:03:29.622 [DEBU] {40caed197c7a49172202f107f3feb243} [  3 ms] [default] [goFrameMall] [rows:0  ] [txid:1] UPDATE `order_goods_info` SET `status`=1 WHERE `id`=11
2023-03-05 17:03:29.622 [DEBU] {40caed197c7a49172202f107f3feb243} [  0 ms] [default] [goFrameMall] [rows:0  ] [txid:1] COMMIT
2023-03-05 17:07:30.465 [DEBU] {a0c1cc2db47a49176e3d947bc6283858} [ 10 ms] [default] [goFrameMall] [rows:8  ] SHOW FULL COLUMNS FROM `admin_info`
2023-03-05 17:07:30.467 [DEBU] {a0c1cc2db47a49176e3d947bc6283858} [  1 ms] [default] [goFrameMall] [rows:1  ] SELECT `id`,`is_admin`,`is_admin` FROM `admin_info` WHERE `id`=13 LIMIT 1
2023-03-05 17:07:30.468 [DEBU] {a0c1cc2db47a49176e3d947bc6283858} [  1 ms] [default] [goFrameMall] [rows:0  ] [txid:1] BEGIN
2023-03-05 17:07:30.470 [DEBU] {a0c1cc2db47a49176e3d947bc6283858} [  2 ms] [default] [goFrameMall] [rows:15 ] [txid:1] SHOW FULL COLUMNS FROM `order_info`
2023-03-05 17:07:30.476 [DEBU] {a0c1cc2db47a49176e3d947bc6283858} [  6 ms] [default] [goFrameMall] [rows:1  ] [txid:1] UPDATE `order_info` SET `status`=1 WHERE `id`=11
2023-03-05 17:07:30.480 [DEBU] {a0c1cc2db47a49176e3d947bc6283858} [  4 ms] [default] [goFrameMall] [rows:0  ] [txid:1] COMMIT
2023-03-05 17:09:21.726 [DEBU] {983b0a14ce7a4917ced74f50f7cff7d2} [ 34 ms] [default] [goFrameMall] [rows:8  ] SHOW FULL COLUMNS FROM `admin_info`
2023-03-05 17:09:21.729 [DEBU] {983b0a14ce7a4917ced74f50f7cff7d2} [  2 ms] [default] [goFrameMall] [rows:1  ] SELECT `id`,`is_admin`,`is_admin` FROM `admin_info` WHERE `id`=13 LIMIT 1
2023-03-05 17:09:21.729 [DEBU] {983b0a14ce7a4917ced74f50f7cff7d2} [  0 ms] [default] [goFrameMall] [rows:0  ] [txid:1] BEGIN
2023-03-05 17:09:21.733 [DEBU] {983b0a14ce7a4917ced74f50f7cff7d2} [  4 ms] [default] [goFrameMall] [rows:15 ] [txid:1] SHOW FULL COLUMNS FROM `order_info`
2023-03-05 17:09:21.735 [DEBU] {983b0a14ce7a4917ced74f50f7cff7d2} [  1 ms] [default] [goFrameMall] [rows:0  ] [txid:1] UPDATE `order_info` SET `status`=1 WHERE `id`=1
2023-03-05 17:09:21.735 [DEBU] {983b0a14ce7a4917ced74f50f7cff7d2} [  0 ms] [default] [goFrameMall] [rows:0  ] [txid:1] COMMIT
2023-03-05 17:09:21.736 [DEBU] {983b0a14ce7a4917ced74f50f7cff7d2} [  0 ms] [default] [goFrameMall] [rows:0  ] [txid:2] BEGIN
2023-03-05 17:09:21.737 [DEBU] {983b0a14ce7a4917ced74f50f7cff7d2} [  1 ms] [default] [goFrameMall] [rows:13 ] [txid:2] SHOW FULL COLUMNS FROM `order_goods_info`
2023-03-05 17:09:21.738 [DEBU] {983b0a14ce7a4917ced74f50f7cff7d2} [  1 ms] [default] [goFrameMall] [rows:0  ] [txid:2] UPDATE `order_goods_info` SET `status`=1 WHERE `id`=1
2023-03-05 17:09:21.738 [DEBU] {983b0a14ce7a4917ced74f50f7cff7d2} [  0 ms] [default] [goFrameMall] [rows:0  ] [txid:2] COMMIT
2023-03-05 17:09:40.483 [DEBU] {18da1874d27a4917cfd74f505e51fa21} [  1 ms] [default] [goFrameMall] [rows:1  ] SELECT `id`,`is_admin`,`is_admin` FROM `admin_info` WHERE `id`=13 LIMIT 1
2023-03-05 17:09:40.484 [DEBU] {18da1874d27a4917cfd74f505e51fa21} [  0 ms] [default] [goFrameMall] [rows:0  ] [txid:3] BEGIN
2023-03-05 17:09:40.485 [DEBU] {18da1874d27a4917cfd74f505e51fa21} [  1 ms] [default] [goFrameMall] [rows:1  ] [txid:3] UPDATE `order_info` SET `status`=0 WHERE `id`=1
2023-03-05 17:09:40.486 [DEBU] {18da1874d27a4917cfd74f505e51fa21} [  0 ms] [default] [goFrameMall] [rows:0  ] [txid:3] COMMIT
2023-03-05 17:09:40.487 [DEBU] {18da1874d27a4917cfd74f505e51fa21} [  0 ms] [default] [goFrameMall] [rows:0  ] [txid:4] BEGIN
2023-03-05 17:09:40.488 [DEBU] {18da1874d27a4917cfd74f505e51fa21} [  1 ms] [default] [goFrameMall] [rows:1  ] [txid:4] UPDATE `order_goods_info` SET `status`=0 WHERE `id`=1
2023-03-05 17:09:40.489 [DEBU] {18da1874d27a4917cfd74f505e51fa21} [  0 ms] [default] [goFrameMall] [rows:0  ] [txid:4] COMMIT
2023-03-05 17:12:20.232 [DEBU] {687eafa5f77a4917d0d74f5023a4c197} [  4 ms] [default] [goFrameMall] [rows:1  ] SELECT `id`,`is_admin`,`is_admin` FROM `admin_info` WHERE `id`=13 LIMIT 1
2023-03-05 17:12:20.233 [DEBU] {687eafa5f77a4917d0d74f5023a4c197} [  0 ms] [default] [goFrameMall] [rows:0  ] [txid:5] BEGIN
2023-03-05 17:12:20.235 [DEBU] {687eafa5f77a4917d0d74f5023a4c197} [  2 ms] [default] [goFrameMall] [rows:0  ] [txid:5] UPDATE `order_info` SET `status`=1 WHERE `id`=8
2023-03-05 17:12:20.235 [DEBU] {687eafa5f77a4917d0d74f5023a4c197} [  0 ms] [default] [goFrameMall] [rows:0  ] [txid:5] COMMIT
2023-03-05 17:12:20.235 [DEBU] {687eafa5f77a4917d0d74f5023a4c197} [  0 ms] [default] [goFrameMall] [rows:0  ] [txid:6] BEGIN
2023-03-05 17:12:20.236 [DEBU] {687eafa5f77a4917d0d74f5023a4c197} [  0 ms] [default] [goFrameMall] [rows:0  ] [txid:6] UPDATE `order_goods_info` SET `status`=1 WHERE `id`=8
2023-03-05 17:12:20.237 [DEBU] {687eafa5f77a4917d0d74f5023a4c197} [  1 ms] [default] [goFrameMall] [rows:0  ] [txid:6] COMMIT
2023-03-05 17:19:17.776 [DEBU] {a852beda587b4917c7f55a49665da73d} [ 46 ms] [default] [goFrameMall] [rows:8  ] SHOW FULL COLUMNS FROM `admin_info`
2023-03-05 17:19:17.778 [DEBU] {a852beda587b4917c7f55a49665da73d} [  1 ms] [default] [goFrameMall] [rows:1  ] SELECT `id`,`is_admin`,`is_admin` FROM `admin_info` WHERE `id`=13 LIMIT 1
2023-03-05 17:19:17.778 [DEBU] {a852beda587b4917c7f55a49665da73d} [  0 ms] [default] [goFrameMall] [rows:0  ] [txid:1] BEGIN
2023-03-05 17:19:17.781 [DEBU] {a852beda587b4917c7f55a49665da73d} [  3 ms] [default] [goFrameMall] [rows:15 ] [txid:1] SHOW FULL COLUMNS FROM `order_info`
2023-03-05 17:19:17.783 [DEBU] {a852beda587b4917c7f55a49665da73d} [  2 ms] [default] [goFrameMall] [rows:0  ] [txid:1] UPDATE `order_info` SET `status`=1 WHERE `id`=8
2023-03-05 17:19:17.784 [DEBU] {a852beda587b4917c7f55a49665da73d} [  1 ms] [default] [goFrameMall] [rows:0  ] [txid:1] COMMIT
2023-03-05 17:19:17.784 [DEBU] {a852beda587b4917c7f55a49665da73d} [  0 ms] [default] [goFrameMall] [rows:0  ] [txid:2] BEGIN
2023-03-05 17:19:17.785 [DEBU] {a852beda587b4917c7f55a49665da73d} [  1 ms] [default] [goFrameMall] [rows:13 ] [txid:2] SHOW FULL COLUMNS FROM `order_goods_info`
2023-03-05 17:19:17.787 [DEBU] {a852beda587b4917c7f55a49665da73d} [  1 ms] [default] [goFrameMall] [rows:2  ] [txid:2] UPDATE `order_goods_info` SET `status`=1 WHERE `order_id`=8
2023-03-05 17:19:17.788 [DEBU] {a852beda587b4917c7f55a49665da73d} [  1 ms] [default] [goFrameMall] [rows:0  ] [txid:2] COMMIT
2023-03-05 22:18:35.111 [DEBU] {68f376dead8b4917a4717f307010c9b4} [ 59 ms] [default] [goFrameMall] [rows:15 ] SHOW FULL COLUMNS FROM `order_info`
2023-03-05 22:18:35.115 [DEBU] {68f376dead8b4917a4717f307010c9b4} [  2 ms] [default] [goFrameMall] [rows:1  ] SELECT `number`,`user_id`,`pay_type`,`remark`,`pay_at`,`status`,`consignee_name`,`consignee_phone`,`consignee_address`,`price`,`actual_price` FROM `order_info` WHERE `id`=8 LIMIT 1
2023-03-05 22:18:35.116 [DEBU] {68f376dead8b4917a4717f307010c9b4} [  1 ms] [default] [goFrameMall] [rows:13 ] SHOW FULL COLUMNS FROM `order_goods_info`
2023-03-05 22:18:35.117 [DEBU] {68f376dead8b4917a4717f307010c9b4} [  1 ms] [default] [goFrameMall] [rows:2  ] SELECT `goods_id`,`count`,`pay_type`,`remark`,`price`,`coupon_price`,`actual_price` FROM `order_goods_info` WHERE `order_id`=8
2023-03-05 22:18:46.884 [DEBU] {c059bd9fb08b4917a5717f30beebe4af} [  1 ms] [default] [goFrameMall] [rows:10 ] SELECT `id`,`number`,`user_id`,`pay_type`,`created_at`,`updated_at`,`remark`,`pay_at`,`status`,`consignee_name`,`consignee_phone`,`consignee_address`,`price`,`coupon_price`,`actual_price` FROM `order_info` LIMIT 0,10
2023-03-05 22:18:46.888 [DEBU] {c059bd9fb08b4917a5717f30beebe4af} [  1 ms] [default] [goFrameMall] [rows:1  ] SELECT `id`,`order_id`,`goods_id`,`count`,`pay_type`,`remark`,`status`,`price`,`coupon_price`,`actual_price`,`pay_at`,`created_at`,`updated_at` FROM `order_goods_info` WHERE `order_id`=1
2023-03-05 22:18:46.895 [DEBU] {c059bd9fb08b4917a5717f30beebe4af} [  6 ms] [default] [goFrameMall] [rows:1  ] SELECT COUNT(1) FROM `order_info`
2023-03-05 22:18:46.897 [DEBU] {c059bd9fb08b4917a5717f30beebe4af} [  1 ms] [default] [goFrameMall] [rows:10 ] SELECT `id`,`number`,`user_id`,`pay_type`,`remark`,`pay_at`,`status`,`consignee_name`,`consignee_phone`,`consignee_address`,`price`,`actual_price`,`created_at`,`updated_at` FROM `order_info` LIMIT 0,10
2023-03-05 22:24:26.941 [DEBU] {70c1b1cbff8b4917645fe6318acd6a88} [ 16 ms] [default] [goFrameMall] [rows:15 ] SHOW FULL COLUMNS FROM `order_info`
2023-03-05 22:24:26.944 [DEBU] {70c1b1cbff8b4917645fe6318acd6a88} [  2 ms] [default] [goFrameMall] [rows:10 ] SELECT `id`,`number`,`user_id`,`pay_type`,`created_at`,`updated_at`,`remark`,`pay_at`,`status`,`consignee_name`,`consignee_phone`,`consignee_address`,`price`,`coupon_price`,`actual_price` FROM `order_info` LIMIT 0,10
2023-03-05 22:24:26.950 [DEBU] {70c1b1cbff8b4917645fe6318acd6a88} [  5 ms] [default] [goFrameMall] [rows:13 ] SHOW FULL COLUMNS FROM `order_goods_info`
2023-03-05 22:24:26.953 [DEBU] {70c1b1cbff8b4917645fe6318acd6a88} [  2 ms] [default] [goFrameMall] [rows:1  ] SELECT `id`,`order_id`,`goods_id`,`count`,`pay_type`,`remark`,`status`,`price`,`coupon_price`,`actual_price`,`pay_at`,`created_at`,`updated_at` FROM `order_goods_info` WHERE `order_id`=1
2023-03-05 22:24:26.956 [DEBU] {70c1b1cbff8b4917645fe6318acd6a88} [  3 ms] [default] [goFrameMall] [rows:1  ] SELECT COUNT(1) FROM `order_info`
2023-03-05 22:24:26.957 [DEBU] {70c1b1cbff8b4917645fe6318acd6a88} [  1 ms] [default] [goFrameMall] [rows:10 ] SELECT `id`,`number`,`user_id`,`pay_type`,`remark`,`pay_at`,`status`,`consignee_name`,`consignee_phone`,`consignee_address`,`price`,`actual_price`,`created_at`,`updated_at` FROM `order_info` LIMIT 0,10
2023-03-05 22:24:56.634 [DEBU] {38b0ebb5068c4917a6fb1e764dc126c3} [ 11 ms] [default] [goFrameMall] [rows:15 ] SHOW FULL COLUMNS FROM `order_info`
2023-03-05 22:24:56.637 [DEBU] {38b0ebb5068c4917a6fb1e764dc126c3} [  2 ms] [default] [goFrameMall] [rows:10 ] SELECT `id`,`number`,`user_id`,`pay_type`,`created_at`,`updated_at`,`remark`,`pay_at`,`status`,`consignee_name`,`consignee_phone`,`consignee_address`,`price`,`coupon_price`,`actual_price` FROM `order_info` LIMIT 0,10
2023-03-05 22:24:56.641 [DEBU] {38b0ebb5068c4917a6fb1e764dc126c3} [  3 ms] [default] [goFrameMall] [rows:13 ] SHOW FULL COLUMNS FROM `order_goods_info`
2023-03-05 22:24:56.643 [DEBU] {38b0ebb5068c4917a6fb1e764dc126c3} [  1 ms] [default] [goFrameMall] [rows:1  ] SELECT `id`,`order_id`,`goods_id`,`count`,`pay_type`,`remark`,`status`,`price`,`coupon_price`,`actual_price`,`pay_at`,`created_at`,`updated_at` FROM `order_goods_info` WHERE `order_id`=1
2023-03-05 22:24:56.644 [DEBU] {38b0ebb5068c4917a6fb1e764dc126c3} [  1 ms] [default] [goFrameMall] [rows:1  ] SELECT COUNT(1) FROM `order_info`
2023-03-05 22:24:56.646 [DEBU] {38b0ebb5068c4917a6fb1e764dc126c3} [  1 ms] [default] [goFrameMall] [rows:10 ] SELECT `id`,`number`,`user_id`,`pay_type`,`remark`,`pay_at`,`status`,`consignee_name`,`consignee_phone`,`consignee_address`,`price`,`actual_price`,`created_at`,`updated_at` FROM `order_info` LIMIT 0,10
2023-03-05 22:25:43.604 [DEBU] {304893a5118c49170b099772c4661c00} [ 11 ms] [default] [goFrameMall] [rows:15 ] SHOW FULL COLUMNS FROM `order_info`
2023-03-05 22:25:43.606 [DEBU] {304893a5118c49170b099772c4661c00} [  1 ms] [default] [goFrameMall] [rows:10 ] SELECT `id`,`number`,`user_id`,`pay_type`,`created_at`,`updated_at`,`remark`,`pay_at`,`status`,`consignee_name`,`consignee_phone`,`consignee_address`,`price`,`coupon_price`,`actual_price` FROM `order_info` LIMIT 0,10
2023-03-05 22:25:43.610 [DEBU] {304893a5118c49170b099772c4661c00} [  3 ms] [default] [goFrameMall] [rows:13 ] SHOW FULL COLUMNS FROM `order_goods_info`
2023-03-05 22:25:43.612 [DEBU] {304893a5118c49170b099772c4661c00} [  1 ms] [default] [goFrameMall] [rows:1  ] SELECT `id`,`order_id`,`goods_id`,`count`,`pay_type`,`remark`,`status`,`price`,`coupon_price`,`actual_price`,`pay_at`,`created_at`,`updated_at` FROM `order_goods_info` WHERE `order_id`=1
2023-03-05 22:25:43.616 [DEBU] {304893a5118c49170b099772c4661c00} [  2 ms] [default] [goFrameMall] [rows:1  ] SELECT COUNT(1) FROM `order_info`
2023-03-05 22:25:43.617 [DEBU] {304893a5118c49170b099772c4661c00} [  1 ms] [default] [goFrameMall] [rows:10 ] SELECT `id`,`number`,`user_id`,`pay_type`,`remark`,`pay_at`,`status`,`consignee_name`,`consignee_phone`,`consignee_address`,`price`,`actual_price`,`created_at`,`updated_at` FROM `order_info` LIMIT 0,10
2023-03-05 22:26:55.961 [DEBU] {a854617e228c4917375600127f36cc21} [ 11 ms] [default] [goFrameMall] [rows:15 ] SHOW FULL COLUMNS FROM `order_info`
2023-03-05 22:26:55.965 [DEBU] {a854617e228c4917375600127f36cc21} [  3 ms] [default] [goFrameMall] [rows:10 ] SELECT `id`,`number`,`user_id`,`pay_type`,`created_at`,`updated_at`,`remark`,`pay_at`,`status`,`consignee_name`,`consignee_phone`,`consignee_address`,`price`,`coupon_price`,`actual_price` FROM `order_info` LIMIT 0,10
2023-03-05 22:26:55.975 [DEBU] {a854617e228c4917375600127f36cc21} [  9 ms] [default] [goFrameMall] [rows:13 ] SHOW FULL COLUMNS FROM `order_goods_info`
2023-03-05 22:26:55.981 [DEBU] {a854617e228c4917375600127f36cc21} [  6 ms] [default] [goFrameMall] [rows:1  ] SELECT `id`,`order_id`,`goods_id`,`count`,`pay_type`,`remark`,`status`,`price`,`coupon_price`,`actual_price`,`pay_at`,`created_at`,`updated_at` FROM `order_goods_info` WHERE `order_id`=1
2023-03-05 22:26:55.988 [DEBU] {a854617e228c4917375600127f36cc21} [  5 ms] [default] [goFrameMall] [rows:1  ] SELECT COUNT(1) FROM `order_info`
2023-03-05 22:26:55.998 [DEBU] {a854617e228c4917375600127f36cc21} [  9 ms] [default] [goFrameMall] [rows:10 ] SELECT `id`,`number`,`user_id`,`pay_type`,`remark`,`pay_at`,`status`,`consignee_name`,`consignee_phone`,`consignee_address`,`price`,`actual_price`,`created_at`,`updated_at` FROM `order_info` LIMIT 0,10
2023-03-05 22:27:56.228 [DEBU] {c8c36686308c4917b3503850ddaf17a8} [ 13 ms] [default] [goFrameMall] [rows:15 ] SHOW FULL COLUMNS FROM `order_info`
2023-03-05 22:27:56.232 [DEBU] {c8c36686308c4917b3503850ddaf17a8} [  2 ms] [default] [goFrameMall] [rows:10 ] SELECT `id`,`number`,`user_id`,`pay_type`,`created_at`,`updated_at`,`remark`,`pay_at`,`status`,`consignee_name`,`consignee_phone`,`consignee_address`,`price`,`coupon_price`,`actual_price` FROM `order_info` LIMIT 0,10
2023-03-05 22:27:56.239 [DEBU] {c8c36686308c4917b3503850ddaf17a8} [  4 ms] [default] [goFrameMall] [rows:13 ] SHOW FULL COLUMNS FROM `order_goods_info`
2023-03-05 22:27:56.241 [DEBU] {c8c36686308c4917b3503850ddaf17a8} [  1 ms] [default] [goFrameMall] [rows:1  ] SELECT `id`,`order_id`,`goods_id`,`count`,`pay_type`,`remark`,`status`,`price`,`coupon_price`,`actual_price`,`pay_at`,`created_at`,`updated_at` FROM `order_goods_info` WHERE `order_id`=1
2023-03-05 22:27:56.243 [DEBU] {c8c36686308c4917b3503850ddaf17a8} [  1 ms] [default] [goFrameMall] [rows:1  ] SELECT COUNT(1) FROM `order_info`
2023-03-05 22:27:56.245 [DEBU] {c8c36686308c4917b3503850ddaf17a8} [  1 ms] [default] [goFrameMall] [rows:10 ] SELECT `id`,`number`,`user_id`,`pay_type`,`remark`,`pay_at`,`status`,`consignee_name`,`consignee_phone`,`consignee_address`,`price`,`actual_price`,`created_at`,`updated_at` FROM `order_info` LIMIT 0,10
2023-03-05 22:29:35.663 [DEBU] {d05e85ad478c4917760aaf60d3b2e433} [  7 ms] [default] [goFrameMall] [rows:15 ] SHOW FULL COLUMNS FROM `order_info`
2023-03-05 22:29:35.665 [DEBU] {d05e85ad478c4917760aaf60d3b2e433} [  1 ms] [default] [goFrameMall] [rows:10 ] SELECT `id`,`number`,`user_id`,`pay_type`,`created_at`,`updated_at`,`remark`,`pay_at`,`status`,`consignee_name`,`consignee_phone`,`consignee_address`,`price`,`coupon_price`,`actual_price` FROM `order_info` LIMIT 0,10
2023-03-05 22:29:35.669 [DEBU] {d05e85ad478c4917760aaf60d3b2e433} [  3 ms] [default] [goFrameMall] [rows:13 ] SHOW FULL COLUMNS FROM `order_goods_info`
2023-03-05 22:29:35.674 [DEBU] {d05e85ad478c4917760aaf60d3b2e433} [  4 ms] [default] [goFrameMall] [rows:1  ] SELECT `id`,`order_id`,`goods_id`,`count`,`pay_type`,`remark`,`status`,`price`,`coupon_price`,`actual_price`,`pay_at`,`created_at`,`updated_at` FROM `order_goods_info` WHERE `order_id`=1
2023-03-05 22:29:35.676 [DEBU] {d05e85ad478c4917760aaf60d3b2e433} [  1 ms] [default] [goFrameMall] [rows:1  ] SELECT COUNT(1) FROM `order_info`
2023-03-05 22:29:35.677 [DEBU] {d05e85ad478c4917760aaf60d3b2e433} [  1 ms] [default] [goFrameMall] [rows:10 ] SELECT `id`,`number`,`user_id`,`pay_type`,`remark`,`pay_at`,`status`,`consignee_name`,`consignee_phone`,`consignee_address`,`price`,`actual_price`,`created_at`,`updated_at` FROM `order_info` LIMIT 0,10
2023-03-05 22:31:04.804 [DEBU] {6070906e5c8c491769791732deca13e1} [ 10 ms] [default] [goFrameMall] [rows:15 ] SHOW FULL COLUMNS FROM `order_info`
2023-03-05 22:31:04.808 [DEBU] {6070906e5c8c491769791732deca13e1} [  3 ms] [default] [goFrameMall] [rows:10 ] SELECT `id`,`number`,`user_id`,`pay_type`,`created_at`,`updated_at`,`remark`,`pay_at`,`status`,`consignee_name`,`consignee_phone`,`consignee_address`,`price`,`coupon_price`,`actual_price` FROM `order_info` LIMIT 0,10
2023-03-05 22:31:04.812 [DEBU] {6070906e5c8c491769791732deca13e1} [  2 ms] [default] [goFrameMall] [rows:13 ] SHOW FULL COLUMNS FROM `order_goods_info`
2023-03-05 22:31:04.813 [DEBU] {6070906e5c8c491769791732deca13e1} [  1 ms] [default] [goFrameMall] [rows:1  ] SELECT `id`,`order_id`,`goods_id`,`count`,`pay_type`,`remark`,`status`,`price`,`coupon_price`,`actual_price`,`pay_at`,`created_at`,`updated_at` FROM `order_goods_info` WHERE `order_id`=1
2023-03-05 22:31:04.814 [DEBU] {6070906e5c8c491769791732deca13e1} [  0 ms] [default] [goFrameMall] [rows:1  ] SELECT COUNT(1) FROM `order_info`
2023-03-05 22:31:04.816 [DEBU] {6070906e5c8c491769791732deca13e1} [  1 ms] [default] [goFrameMall] [rows:10 ] SELECT `id`,`number`,`user_id`,`pay_type`,`remark`,`pay_at`,`status`,`consignee_name`,`consignee_phone`,`consignee_address`,`price`,`actual_price`,`created_at`,`updated_at` FROM `order_info` LIMIT 0,10
2023-03-05 22:32:35.169 [DEBU] {20ff3178718c4917011fe052f4662e23} [ 20 ms] [default] [goFrameMall] [rows:15 ] SHOW FULL COLUMNS FROM `order_info`
2023-03-05 22:32:35.171 [DEBU] {20ff3178718c4917011fe052f4662e23} [  1 ms] [default] [goFrameMall] [rows:10 ] SELECT `id`,`number`,`user_id`,`pay_type`,`created_at`,`updated_at`,`remark`,`pay_at`,`status`,`consignee_name`,`consignee_phone`,`consignee_address`,`price`,`coupon_price`,`actual_price` FROM `order_info` LIMIT 0,10
2023-03-05 22:32:35.174 [DEBU] {20ff3178718c4917011fe052f4662e23} [  2 ms] [default] [goFrameMall] [rows:13 ] SHOW FULL COLUMNS FROM `order_goods_info`
2023-03-05 22:32:35.177 [DEBU] {20ff3178718c4917011fe052f4662e23} [  2 ms] [default] [goFrameMall] [rows:1  ] SELECT `id`,`order_id`,`goods_id`,`count`,`pay_type`,`remark`,`status`,`price`,`coupon_price`,`actual_price`,`pay_at`,`created_at`,`updated_at` FROM `order_goods_info` WHERE `order_id`=1
2023-03-05 22:32:35.178 [DEBU] {20ff3178718c4917011fe052f4662e23} [  1 ms] [default] [goFrameMall] [rows:1  ] SELECT COUNT(1) FROM `order_info`
2023-03-05 22:32:35.180 [DEBU] {20ff3178718c4917011fe052f4662e23} [  1 ms] [default] [goFrameMall] [rows:10 ] SELECT `id`,`number`,`user_id`,`pay_type`,`remark`,`pay_at`,`status`,`consignee_name`,`consignee_phone`,`consignee_address`,`price`,`actual_price`,`created_at`,`updated_at` FROM `order_info` LIMIT 0,10
2023-03-05 22:38:15.458 [DEBU] {a8998eb3c08c49170c38007d9ac54459} [ 10 ms] [default] [goFrameMall] [rows:15 ] SHOW FULL COLUMNS FROM `order_info`
2023-03-05 22:38:15.460 [DEBU] {a8998eb3c08c49170c38007d9ac54459} [  1 ms] [default] [goFrameMall] [rows:10 ] SELECT `id`,`number`,`user_id`,`pay_type`,`created_at`,`updated_at`,`remark`,`pay_at`,`status`,`consignee_name`,`consignee_phone`,`consignee_address`,`price`,`coupon_price`,`actual_price` FROM `order_info` LIMIT 0,10
2023-03-05 22:38:15.462 [DEBU] {a8998eb3c08c49170c38007d9ac54459} [  1 ms] [default] [goFrameMall] [rows:1  ] SELECT COUNT(1) FROM `order_info`
2023-03-05 22:38:15.463 [DEBU] {a8998eb3c08c49170c38007d9ac54459} [  1 ms] [default] [goFrameMall] [rows:10 ] SELECT `id`,`number`,`user_id`,`pay_type`,`remark`,`pay_at`,`status`,`consignee_name`,`consignee_phone`,`consignee_address`,`price`,`actual_price`,`created_at`,`updated_at` FROM `order_info` LIMIT 0,10
2023-03-05 22:38:15.467 [DEBU] {a8998eb3c08c49170c38007d9ac54459} [  3 ms] [default] [goFrameMall] [rows:13 ] SHOW FULL COLUMNS FROM `order_goods_info`
2023-03-05 22:38:15.469 [DEBU] {a8998eb3c08c49170c38007d9ac54459} [  2 ms] [default] [goFrameMall] [rows:1  ] SELECT `id`,`order_id`,`goods_id`,`count`,`pay_type`,`remark`,`status`,`price`,`coupon_price`,`actual_price`,`pay_at`,`created_at`,`updated_at` FROM `order_goods_info` WHERE `order_id`=1
2023-03-05 22:38:15.470 [DEBU] {a8998eb3c08c49170c38007d9ac54459} [  0 ms] [default] [goFrameMall] [rows:0  ] SELECT `id`,`order_id`,`goods_id`,`count`,`pay_type`,`remark`,`status`,`price`,`coupon_price`,`actual_price`,`pay_at`,`created_at`,`updated_at` FROM `order_goods_info` WHERE `order_id`=2
2023-03-05 22:38:15.471 [DEBU] {a8998eb3c08c49170c38007d9ac54459} [  1 ms] [default] [goFrameMall] [rows:0  ] SELECT `id`,`order_id`,`goods_id`,`count`,`pay_type`,`remark`,`status`,`price`,`coupon_price`,`actual_price`,`pay_at`,`created_at`,`updated_at` FROM `order_goods_info` WHERE `order_id`=3
2023-03-05 22:38:15.472 [DEBU] {a8998eb3c08c49170c38007d9ac54459} [  1 ms] [default] [goFrameMall] [rows:0  ] SELECT `id`,`order_id`,`goods_id`,`count`,`pay_type`,`remark`,`status`,`price`,`coupon_price`,`actual_price`,`pay_at`,`created_at`,`updated_at` FROM `order_goods_info` WHERE `order_id`=4
2023-03-05 22:38:15.472 [DEBU] {a8998eb3c08c49170c38007d9ac54459} [  0 ms] [default] [goFrameMall] [rows:0  ] SELECT `id`,`order_id`,`goods_id`,`count`,`pay_type`,`remark`,`status`,`price`,`coupon_price`,`actual_price`,`pay_at`,`created_at`,`updated_at` FROM `order_goods_info` WHERE `order_id`=5
2023-03-05 22:38:15.474 [DEBU] {a8998eb3c08c49170c38007d9ac54459} [  1 ms] [default] [goFrameMall] [rows:0  ] SELECT `id`,`order_id`,`goods_id`,`count`,`pay_type`,`remark`,`status`,`price`,`coupon_price`,`actual_price`,`pay_at`,`created_at`,`updated_at` FROM `order_goods_info` WHERE `order_id`=6
2023-03-05 22:38:15.475 [DEBU] {a8998eb3c08c49170c38007d9ac54459} [  1 ms] [default] [goFrameMall] [rows:0  ] SELECT `id`,`order_id`,`goods_id`,`count`,`pay_type`,`remark`,`status`,`price`,`coupon_price`,`actual_price`,`pay_at`,`created_at`,`updated_at` FROM `order_goods_info` WHERE `order_id`=7
2023-03-05 22:38:15.475 [DEBU] {a8998eb3c08c49170c38007d9ac54459} [  0 ms] [default] [goFrameMall] [rows:2  ] SELECT `id`,`order_id`,`goods_id`,`count`,`pay_type`,`remark`,`status`,`price`,`coupon_price`,`actual_price`,`pay_at`,`created_at`,`updated_at` FROM `order_goods_info` WHERE `order_id`=8
2023-03-05 22:38:15.476 [DEBU] {a8998eb3c08c49170c38007d9ac54459} [  0 ms] [default] [goFrameMall] [rows:0  ] SELECT `id`,`order_id`,`goods_id`,`count`,`pay_type`,`remark`,`status`,`price`,`coupon_price`,`actual_price`,`pay_at`,`created_at`,`updated_at` FROM `order_goods_info` WHERE `order_id`=9
2023-03-05 22:38:15.477 [DEBU] {a8998eb3c08c49170c38007d9ac54459} [  1 ms] [default] [goFrameMall] [rows:0  ] SELECT `id`,`order_id`,`goods_id`,`count`,`pay_type`,`remark`,`status`,`price`,`coupon_price`,`actual_price`,`pay_at`,`created_at`,`updated_at` FROM `order_goods_info` WHERE `order_id`=10
2023-03-05 22:40:09.981 [DEBU] {9845005edb8c49170d38007d7f847a11} [  6 ms] [default] [goFrameMall] [rows:10 ] SELECT `id`,`number`,`user_id`,`pay_type`,`created_at`,`updated_at`,`remark`,`pay_at`,`status`,`consignee_name`,`consignee_phone`,`consignee_address`,`price`,`coupon_price`,`actual_price` FROM `order_info` LIMIT 0,10
2023-03-05 22:40:09.985 [DEBU] {9845005edb8c49170d38007d7f847a11} [  2 ms] [default] [goFrameMall] [rows:1  ] SELECT COUNT(1) FROM `order_info`
2023-03-05 22:40:09.986 [DEBU] {9845005edb8c49170d38007d7f847a11} [  1 ms] [default] [goFrameMall] [rows:10 ] SELECT `id`,`number`,`user_id`,`pay_type`,`remark`,`pay_at`,`status`,`consignee_name`,`consignee_phone`,`consignee_address`,`price`,`actual_price`,`created_at`,`updated_at` FROM `order_info` LIMIT 0,10
2023-03-05 22:40:09.988 [DEBU] {9845005edb8c49170d38007d7f847a11} [  1 ms] [default] [goFrameMall] [rows:1  ] SELECT `id`,`order_id`,`goods_id`,`count`,`pay_type`,`remark`,`status`,`price`,`coupon_price`,`actual_price`,`pay_at`,`created_at`,`updated_at` FROM `order_goods_info` WHERE `order_id`=1
2023-03-05 22:40:09.989 [DEBU] {9845005edb8c49170d38007d7f847a11} [  1 ms] [default] [goFrameMall] [rows:0  ] SELECT `id`,`order_id`,`goods_id`,`count`,`pay_type`,`remark`,`status`,`price`,`coupon_price`,`actual_price`,`pay_at`,`created_at`,`updated_at` FROM `order_goods_info` WHERE `order_id`=2
2023-03-05 22:40:09.990 [DEBU] {9845005edb8c49170d38007d7f847a11} [  1 ms] [default] [goFrameMall] [rows:0  ] SELECT `id`,`order_id`,`goods_id`,`count`,`pay_type`,`remark`,`status`,`price`,`coupon_price`,`actual_price`,`pay_at`,`created_at`,`updated_at` FROM `order_goods_info` WHERE `order_id`=3
2023-03-05 22:40:09.990 [DEBU] {9845005edb8c49170d38007d7f847a11} [  0 ms] [default] [goFrameMall] [rows:0  ] SELECT `id`,`order_id`,`goods_id`,`count`,`pay_type`,`remark`,`status`,`price`,`coupon_price`,`actual_price`,`pay_at`,`created_at`,`updated_at` FROM `order_goods_info` WHERE `order_id`=4
2023-03-05 22:40:09.991 [DEBU] {9845005edb8c49170d38007d7f847a11} [  0 ms] [default] [goFrameMall] [rows:0  ] SELECT `id`,`order_id`,`goods_id`,`count`,`pay_type`,`remark`,`status`,`price`,`coupon_price`,`actual_price`,`pay_at`,`created_at`,`updated_at` FROM `order_goods_info` WHERE `order_id`=5
2023-03-05 22:40:09.992 [DEBU] {9845005edb8c49170d38007d7f847a11} [  1 ms] [default] [goFrameMall] [rows:0  ] SELECT `id`,`order_id`,`goods_id`,`count`,`pay_type`,`remark`,`status`,`price`,`coupon_price`,`actual_price`,`pay_at`,`created_at`,`updated_at` FROM `order_goods_info` WHERE `order_id`=6
2023-03-05 22:40:09.993 [DEBU] {9845005edb8c49170d38007d7f847a11} [  1 ms] [default] [goFrameMall] [rows:0  ] SELECT `id`,`order_id`,`goods_id`,`count`,`pay_type`,`remark`,`status`,`price`,`coupon_price`,`actual_price`,`pay_at`,`created_at`,`updated_at` FROM `order_goods_info` WHERE `order_id`=7
2023-03-05 22:40:09.993 [DEBU] {9845005edb8c49170d38007d7f847a11} [  0 ms] [default] [goFrameMall] [rows:2  ] SELECT `id`,`order_id`,`goods_id`,`count`,`pay_type`,`remark`,`status`,`price`,`coupon_price`,`actual_price`,`pay_at`,`created_at`,`updated_at` FROM `order_goods_info` WHERE `order_id`=8
2023-03-05 22:40:09.995 [DEBU] {9845005edb8c49170d38007d7f847a11} [  1 ms] [default] [goFrameMall] [rows:0  ] SELECT `id`,`order_id`,`goods_id`,`count`,`pay_type`,`remark`,`status`,`price`,`coupon_price`,`actual_price`,`pay_at`,`created_at`,`updated_at` FROM `order_goods_info` WHERE `order_id`=9
2023-03-05 22:40:10.002 [DEBU] {9845005edb8c49170d38007d7f847a11} [  7 ms] [default] [goFrameMall] [rows:0  ] SELECT `id`,`order_id`,`goods_id`,`count`,`pay_type`,`remark`,`status`,`price`,`coupon_price`,`actual_price`,`pay_at`,`created_at`,`updated_at` FROM `order_goods_info` WHERE `order_id`=10
2023-03-05 22:42:15.395 [DEBU] {78e3c890f88c49176464e606fcfc6c02} [ 13 ms] [default] [goFrameMall] [rows:15 ] SHOW FULL COLUMNS FROM `order_info`
2023-03-05 22:42:15.397 [DEBU] {78e3c890f88c49176464e606fcfc6c02} [  1 ms] [default] [goFrameMall] [rows:10 ] SELECT `id`,`number`,`user_id`,`pay_type`,`created_at`,`updated_at`,`remark`,`pay_at`,`status`,`consignee_name`,`consignee_phone`,`consignee_address`,`price`,`coupon_price`,`actual_price` FROM `order_info` LIMIT 0,10
2023-03-05 22:42:15.401 [DEBU] {78e3c890f88c49176464e606fcfc6c02} [  1 ms] [default] [goFrameMall] [rows:1  ] SELECT COUNT(1) FROM `order_info`
2023-03-05 22:42:15.402 [DEBU] {78e3c890f88c49176464e606fcfc6c02} [  0 ms] [default] [goFrameMall] [rows:10 ] SELECT `id`,`number`,`user_id`,`pay_type`,`remark`,`pay_at`,`status`,`consignee_name`,`consignee_phone`,`consignee_address`,`price`,`actual_price`,`created_at`,`updated_at` FROM `order_info` LIMIT 0,10
2023-03-05 22:42:15.405 [DEBU] {78e3c890f88c49176464e606fcfc6c02} [  2 ms] [default] [goFrameMall] [rows:13 ] SHOW FULL COLUMNS FROM `order_goods_info`
2023-03-05 22:42:15.406 [DEBU] {78e3c890f88c49176464e606fcfc6c02} [  1 ms] [default] [goFrameMall] [rows:1  ] SELECT `id`,`order_id`,`goods_id`,`count`,`pay_type`,`remark`,`status`,`price`,`coupon_price`,`actual_price`,`pay_at`,`created_at`,`updated_at` FROM `order_goods_info` WHERE `order_id`=1
2023-03-05 22:42:15.407 [DEBU] {78e3c890f88c49176464e606fcfc6c02} [  0 ms] [default] [goFrameMall] [rows:0  ] SELECT `id`,`order_id`,`goods_id`,`count`,`pay_type`,`remark`,`status`,`price`,`coupon_price`,`actual_price`,`pay_at`,`created_at`,`updated_at` FROM `order_goods_info` WHERE `order_id`=2
2023-03-05 22:42:15.408 [DEBU] {78e3c890f88c49176464e606fcfc6c02} [  0 ms] [default] [goFrameMall] [rows:0  ] SELECT `id`,`order_id`,`goods_id`,`count`,`pay_type`,`remark`,`status`,`price`,`coupon_price`,`actual_price`,`pay_at`,`created_at`,`updated_at` FROM `order_goods_info` WHERE `order_id`=3
2023-03-05 22:42:15.409 [DEBU] {78e3c890f88c49176464e606fcfc6c02} [  0 ms] [default] [goFrameMall] [rows:0  ] SELECT `id`,`order_id`,`goods_id`,`count`,`pay_type`,`remark`,`status`,`price`,`coupon_price`,`actual_price`,`pay_at`,`created_at`,`updated_at` FROM `order_goods_info` WHERE `order_id`=4
2023-03-05 22:42:15.412 [DEBU] {78e3c890f88c49176464e606fcfc6c02} [  1 ms] [default] [goFrameMall] [rows:0  ] SELECT `id`,`order_id`,`goods_id`,`count`,`pay_type`,`remark`,`status`,`price`,`coupon_price`,`actual_price`,`pay_at`,`created_at`,`updated_at` FROM `order_goods_info` WHERE `order_id`=5
2023-03-05 22:42:15.413 [DEBU] {78e3c890f88c49176464e606fcfc6c02} [  1 ms] [default] [goFrameMall] [rows:0  ] SELECT `id`,`order_id`,`goods_id`,`count`,`pay_type`,`remark`,`status`,`price`,`coupon_price`,`actual_price`,`pay_at`,`created_at`,`updated_at` FROM `order_goods_info` WHERE `order_id`=6
2023-03-05 22:42:15.414 [DEBU] {78e3c890f88c49176464e606fcfc6c02} [  1 ms] [default] [goFrameMall] [rows:0  ] SELECT `id`,`order_id`,`goods_id`,`count`,`pay_type`,`remark`,`status`,`price`,`coupon_price`,`actual_price`,`pay_at`,`created_at`,`updated_at` FROM `order_goods_info` WHERE `order_id`=7
2023-03-05 22:42:15.414 [DEBU] {78e3c890f88c49176464e606fcfc6c02} [  0 ms] [default] [goFrameMall] [rows:2  ] SELECT `id`,`order_id`,`goods_id`,`count`,`pay_type`,`remark`,`status`,`price`,`coupon_price`,`actual_price`,`pay_at`,`created_at`,`updated_at` FROM `order_goods_info` WHERE `order_id`=8
2023-03-05 22:42:15.415 [DEBU] {78e3c890f88c49176464e606fcfc6c02} [  1 ms] [default] [goFrameMall] [rows:0  ] SELECT `id`,`order_id`,`goods_id`,`count`,`pay_type`,`remark`,`status`,`price`,`coupon_price`,`actual_price`,`pay_at`,`created_at`,`updated_at` FROM `order_goods_info` WHERE `order_id`=9
2023-03-05 22:43:10.017 [DEBU] {289c3c48058d4917c688036fc2ee2198} [ 16 ms] [default] [goFrameMall] [rows:15 ] SHOW FULL COLUMNS FROM `order_info`
2023-03-05 22:43:10.018 [DEBU] {289c3c48058d4917c688036fc2ee2198} [  1 ms] [default] [goFrameMall] [rows:10 ] SELECT `id`,`number`,`user_id`,`pay_type`,`created_at`,`updated_at`,`remark`,`pay_at`,`status`,`consignee_name`,`consignee_phone`,`consignee_address`,`price`,`coupon_price`,`actual_price` FROM `order_info` LIMIT 0,10
2023-03-05 22:43:10.019 [DEBU] {289c3c48058d4917c688036fc2ee2198} [  1 ms] [default] [goFrameMall] [rows:1  ] SELECT COUNT(1) FROM `order_info`
2023-03-05 22:43:10.020 [DEBU] {289c3c48058d4917c688036fc2ee2198} [  1 ms] [default] [goFrameMall] [rows:10 ] SELECT `id`,`number`,`user_id`,`pay_type`,`remark`,`pay_at`,`status`,`consignee_name`,`consignee_phone`,`consignee_address`,`price`,`actual_price`,`created_at`,`updated_at` FROM `order_info` LIMIT 0,10
2023-03-05 22:43:10.022 [DEBU] {289c3c48058d4917c688036fc2ee2198} [  2 ms] [default] [goFrameMall] [rows:13 ] SHOW FULL COLUMNS FROM `order_goods_info`
2023-03-05 22:43:10.022 [DEBU] {289c3c48058d4917c688036fc2ee2198} [  0 ms] [default] [goFrameMall] [rows:1  ] SELECT `id`,`order_id`,`goods_id`,`count`,`pay_type`,`remark`,`status`,`price`,`coupon_price`,`actual_price`,`pay_at`,`created_at`,`updated_at` FROM `order_goods_info` WHERE `order_id`=1
2023-03-05 22:43:10.023 [DEBU] {289c3c48058d4917c688036fc2ee2198} [  1 ms] [default] [goFrameMall] [rows:0  ] SELECT `id`,`order_id`,`goods_id`,`count`,`pay_type`,`remark`,`status`,`price`,`coupon_price`,`actual_price`,`pay_at`,`created_at`,`updated_at` FROM `order_goods_info` WHERE `order_id`=2
2023-03-05 22:43:10.023 [DEBU] {289c3c48058d4917c688036fc2ee2198} [  0 ms] [default] [goFrameMall] [rows:0  ] SELECT `id`,`order_id`,`goods_id`,`count`,`pay_type`,`remark`,`status`,`price`,`coupon_price`,`actual_price`,`pay_at`,`created_at`,`updated_at` FROM `order_goods_info` WHERE `order_id`=3
2023-03-05 22:43:10.024 [DEBU] {289c3c48058d4917c688036fc2ee2198} [  1 ms] [default] [goFrameMall] [rows:0  ] SELECT `id`,`order_id`,`goods_id`,`count`,`pay_type`,`remark`,`status`,`price`,`coupon_price`,`actual_price`,`pay_at`,`created_at`,`updated_at` FROM `order_goods_info` WHERE `order_id`=4
2023-03-05 22:43:10.026 [DEBU] {289c3c48058d4917c688036fc2ee2198} [  2 ms] [default] [goFrameMall] [rows:0  ] SELECT `id`,`order_id`,`goods_id`,`count`,`pay_type`,`remark`,`status`,`price`,`coupon_price`,`actual_price`,`pay_at`,`created_at`,`updated_at` FROM `order_goods_info` WHERE `order_id`=5
2023-03-05 22:43:10.028 [DEBU] {289c3c48058d4917c688036fc2ee2198} [  1 ms] [default] [goFrameMall] [rows:0  ] SELECT `id`,`order_id`,`goods_id`,`count`,`pay_type`,`remark`,`status`,`price`,`coupon_price`,`actual_price`,`pay_at`,`created_at`,`updated_at` FROM `order_goods_info` WHERE `order_id`=6
2023-03-05 22:43:10.029 [DEBU] {289c3c48058d4917c688036fc2ee2198} [  1 ms] [default] [goFrameMall] [rows:0  ] SELECT `id`,`order_id`,`goods_id`,`count`,`pay_type`,`remark`,`status`,`price`,`coupon_price`,`actual_price`,`pay_at`,`created_at`,`updated_at` FROM `order_goods_info` WHERE `order_id`=7
2023-03-05 22:43:10.029 [DEBU] {289c3c48058d4917c688036fc2ee2198} [  0 ms] [default] [goFrameMall] [rows:2  ] SELECT `id`,`order_id`,`goods_id`,`count`,`pay_type`,`remark`,`status`,`price`,`coupon_price`,`actual_price`,`pay_at`,`created_at`,`updated_at` FROM `order_goods_info` WHERE `order_id`=8
2023-03-05 22:43:10.030 [DEBU] {289c3c48058d4917c688036fc2ee2198} [  0 ms] [default] [goFrameMall] [rows:0  ] SELECT `id`,`order_id`,`goods_id`,`count`,`pay_type`,`remark`,`status`,`price`,`coupon_price`,`actual_price`,`pay_at`,`created_at`,`updated_at` FROM `order_goods_info` WHERE `order_id`=9
2023-03-05 22:43:53.546 [DEBU] {78c13a6b0f8d4917ac403802a6df3bd7} [ 10 ms] [default] [goFrameMall] [rows:15 ] SHOW FULL COLUMNS FROM `order_info`
2023-03-05 22:43:53.548 [DEBU] {78c13a6b0f8d4917ac403802a6df3bd7} [  2 ms] [default] [goFrameMall] [rows:10 ] SELECT `id`,`number`,`user_id`,`pay_type`,`created_at`,`updated_at`,`remark`,`pay_at`,`status`,`consignee_name`,`consignee_phone`,`consignee_address`,`price`,`coupon_price`,`actual_price` FROM `order_info` LIMIT 0,10
2023-03-05 22:43:53.552 [DEBU] {78c13a6b0f8d4917ac403802a6df3bd7} [  1 ms] [default] [goFrameMall] [rows:1  ] SELECT COUNT(1) FROM `order_info`
2023-03-05 22:43:53.553 [DEBU] {78c13a6b0f8d4917ac403802a6df3bd7} [  1 ms] [default] [goFrameMall] [rows:10 ] SELECT `id`,`number`,`user_id`,`pay_type`,`remark`,`pay_at`,`status`,`consignee_name`,`consignee_phone`,`consignee_address`,`price`,`actual_price`,`created_at`,`updated_at` FROM `order_info` LIMIT 0,10
2023-03-05 22:43:53.555 [DEBU] {78c13a6b0f8d4917ac403802a6df3bd7} [  2 ms] [default] [goFrameMall] [rows:13 ] SHOW FULL COLUMNS FROM `order_goods_info`
2023-03-05 22:43:53.557 [DEBU] {78c13a6b0f8d4917ac403802a6df3bd7} [  1 ms] [default] [goFrameMall] [rows:1  ] SELECT `id`,`order_id`,`goods_id`,`count`,`pay_type`,`remark`,`status`,`price`,`coupon_price`,`actual_price`,`pay_at`,`created_at`,`updated_at` FROM `order_goods_info` WHERE `order_id`=1
2023-03-05 22:43:53.559 [DEBU] {78c13a6b0f8d4917ac403802a6df3bd7} [  1 ms] [default] [goFrameMall] [rows:0  ] SELECT `id`,`order_id`,`goods_id`,`count`,`pay_type`,`remark`,`status`,`price`,`coupon_price`,`actual_price`,`pay_at`,`created_at`,`updated_at` FROM `order_goods_info` WHERE `order_id`=2
2023-03-05 22:43:53.560 [DEBU] {78c13a6b0f8d4917ac403802a6df3bd7} [  0 ms] [default] [goFrameMall] [rows:0  ] SELECT `id`,`order_id`,`goods_id`,`count`,`pay_type`,`remark`,`status`,`price`,`coupon_price`,`actual_price`,`pay_at`,`created_at`,`updated_at` FROM `order_goods_info` WHERE `order_id`=3
2023-03-05 22:43:53.561 [DEBU] {78c13a6b0f8d4917ac403802a6df3bd7} [  0 ms] [default] [goFrameMall] [rows:0  ] SELECT `id`,`order_id`,`goods_id`,`count`,`pay_type`,`remark`,`status`,`price`,`coupon_price`,`actual_price`,`pay_at`,`created_at`,`updated_at` FROM `order_goods_info` WHERE `order_id`=4
2023-03-05 22:43:53.583 [DEBU] {78c13a6b0f8d4917ac403802a6df3bd7} [  0 ms] [default] [goFrameMall] [rows:0  ] SELECT `id`,`order_id`,`goods_id`,`count`,`pay_type`,`remark`,`status`,`price`,`coupon_price`,`actual_price`,`pay_at`,`created_at`,`updated_at` FROM `order_goods_info` WHERE `order_id`=5
2023-03-05 22:43:53.584 [DEBU] {78c13a6b0f8d4917ac403802a6df3bd7} [  0 ms] [default] [goFrameMall] [rows:0  ] SELECT `id`,`order_id`,`goods_id`,`count`,`pay_type`,`remark`,`status`,`price`,`coupon_price`,`actual_price`,`pay_at`,`created_at`,`updated_at` FROM `order_goods_info` WHERE `order_id`=6
2023-03-05 22:43:53.584 [DEBU] {78c13a6b0f8d4917ac403802a6df3bd7} [  0 ms] [default] [goFrameMall] [rows:0  ] SELECT `id`,`order_id`,`goods_id`,`count`,`pay_type`,`remark`,`status`,`price`,`coupon_price`,`actual_price`,`pay_at`,`created_at`,`updated_at` FROM `order_goods_info` WHERE `order_id`=7
2023-03-05 22:43:53.595 [DEBU] {78c13a6b0f8d4917ac403802a6df3bd7} [  1 ms] [default] [goFrameMall] [rows:2  ] SELECT `id`,`order_id`,`goods_id`,`count`,`pay_type`,`remark`,`status`,`price`,`coupon_price`,`actual_price`,`pay_at`,`created_at`,`updated_at` FROM `order_goods_info` WHERE `order_id`=8
2023-03-05 22:43:53.596 [DEBU] {78c13a6b0f8d4917ac403802a6df3bd7} [  0 ms] [default] [goFrameMall] [rows:0  ] SELECT `id`,`order_id`,`goods_id`,`count`,`pay_type`,`remark`,`status`,`price`,`coupon_price`,`actual_price`,`pay_at`,`created_at`,`updated_at` FROM `order_goods_info` WHERE `order_id`=9
2023-03-05 23:34:45.768 [DEBU] {403de210d68f4917c1829b27971c1894} [ 26 ms] [default] [goFrameMall] [rows:15 ] SHOW FULL COLUMNS FROM `order_info`
2023-03-05 23:34:45.771 [DEBU] {403de210d68f4917c1829b27971c1894} [  1 ms] [default] [goFrameMall] [rows:10 ] SELECT `id`,`number`,`user_id`,`pay_type`,`created_at`,`updated_at`,`remark`,`pay_at`,`status`,`consignee_name`,`consignee_phone`,`consignee_address`,`price`,`coupon_price`,`actual_price` FROM `order_info` LIMIT 0,10
2023-03-05 23:34:45.773 [DEBU] {403de210d68f4917c1829b27971c1894} [  1 ms] [default] [goFrameMall] [rows:1  ] SELECT COUNT(1) FROM `order_info`
2023-03-05 23:34:45.773 [DEBU] {403de210d68f4917c1829b27971c1894} [  0 ms] [default] [goFrameMall] [rows:10 ] SELECT `id`,`created_at`,`updated_at` FROM `order_info` LIMIT 0,10
2023-03-05 23:34:45.776 [DEBU] {403de210d68f4917c1829b27971c1894} [  2 ms] [default] [goFrameMall] [rows:13 ] SHOW FULL COLUMNS FROM `order_goods_info`
2023-03-05 23:34:45.778 [DEBU] {403de210d68f4917c1829b27971c1894} [  1 ms] [default] [goFrameMall] [rows:0  ] SELECT `order_id`,`goods_id`,`count`,`pay_type`,`remark`,`price`,`coupon_price`,`actual_price` FROM `order_goods_info` WHERE `order_id`=0
2023-03-05 23:34:45.779 [DEBU] {403de210d68f4917c1829b27971c1894} [  1 ms] [default] [goFrameMall] [rows:0  ] SELECT `order_id`,`goods_id`,`count`,`pay_type`,`remark`,`price`,`coupon_price`,`actual_price` FROM `order_goods_info` WHERE `order_id`=0
2023-03-05 23:34:45.779 [DEBU] {403de210d68f4917c1829b27971c1894} [  0 ms] [default] [goFrameMall] [rows:0  ] SELECT `order_id`,`goods_id`,`count`,`pay_type`,`remark`,`price`,`coupon_price`,`actual_price` FROM `order_goods_info` WHERE `order_id`=0
2023-03-05 23:34:45.802 [DEBU] {403de210d68f4917c1829b27971c1894} [  3 ms] [default] [goFrameMall] [rows:0  ] SELECT `order_id`,`goods_id`,`count`,`pay_type`,`remark`,`price`,`coupon_price`,`actual_price` FROM `order_goods_info` WHERE `order_id`=0
2023-03-05 23:34:45.803 [DEBU] {403de210d68f4917c1829b27971c1894} [  1 ms] [default] [goFrameMall] [rows:0  ] SELECT `order_id`,`goods_id`,`count`,`pay_type`,`remark`,`price`,`coupon_price`,`actual_price` FROM `order_goods_info` WHERE `order_id`=0
2023-03-05 23:34:45.806 [DEBU] {403de210d68f4917c1829b27971c1894} [  2 ms] [default] [goFrameMall] [rows:0  ] SELECT `order_id`,`goods_id`,`count`,`pay_type`,`remark`,`price`,`coupon_price`,`actual_price` FROM `order_goods_info` WHERE `order_id`=0
2023-03-05 23:34:45.807 [DEBU] {403de210d68f4917c1829b27971c1894} [  1 ms] [default] [goFrameMall] [rows:0  ] SELECT `order_id`,`goods_id`,`count`,`pay_type`,`remark`,`price`,`coupon_price`,`actual_price` FROM `order_goods_info` WHERE `order_id`=0
2023-03-05 23:34:45.808 [DEBU] {403de210d68f4917c1829b27971c1894} [  1 ms] [default] [goFrameMall] [rows:0  ] SELECT `order_id`,`goods_id`,`count`,`pay_type`,`remark`,`price`,`coupon_price`,`actual_price` FROM `order_goods_info` WHERE `order_id`=0
2023-03-05 23:34:45.810 [DEBU] {403de210d68f4917c1829b27971c1894} [  1 ms] [default] [goFrameMall] [rows:0  ] SELECT `order_id`,`goods_id`,`count`,`pay_type`,`remark`,`price`,`coupon_price`,`actual_price` FROM `order_goods_info` WHERE `order_id`=0
2023-03-05 23:34:45.821 [DEBU] {403de210d68f4917c1829b27971c1894} [  1 ms] [default] [goFrameMall] [rows:0  ] SELECT `order_id`,`goods_id`,`count`,`pay_type`,`remark`,`price`,`coupon_price`,`actual_price` FROM `order_goods_info` WHERE `order_id`=0
2023-03-05 23:35:54.348 [DEBU] {0096ac09e68f4917d883ee5c0a12ac1d} [  7 ms] [default] [goFrameMall] [rows:15 ] SHOW FULL COLUMNS FROM `order_info`
2023-03-05 23:35:54.350 [DEBU] {0096ac09e68f4917d883ee5c0a12ac1d} [  1 ms] [default] [goFrameMall] [rows:10 ] SELECT `id`,`number`,`user_id`,`pay_type`,`created_at`,`updated_at`,`remark`,`pay_at`,`status`,`consignee_name`,`consignee_phone`,`consignee_address`,`price`,`coupon_price`,`actual_price` FROM `order_info` LIMIT 0,10
2023-03-05 23:35:54.353 [DEBU] {0096ac09e68f4917d883ee5c0a12ac1d} [  2 ms] [default] [goFrameMall] [rows:1  ] SELECT COUNT(1) FROM `order_info`
2023-03-05 23:35:54.354 [DEBU] {0096ac09e68f4917d883ee5c0a12ac1d} [  0 ms] [default] [goFrameMall] [rows:10 ] SELECT `id`,`created_at`,`updated_at` FROM `order_info` LIMIT 0,10
2023-03-05 23:35:54.357 [DEBU] {0096ac09e68f4917d883ee5c0a12ac1d} [  2 ms] [default] [goFrameMall] [rows:13 ] SHOW FULL COLUMNS FROM `order_goods_info`
2023-03-05 23:35:54.361 [DEBU] {0096ac09e68f4917d883ee5c0a12ac1d} [  2 ms] [default] [goFrameMall] [rows:1  ] SELECT `order_id`,`goods_id`,`count`,`pay_type`,`remark`,`price`,`coupon_price`,`actual_price` FROM `order_goods_info` WHERE `order_id`=1
2023-03-05 23:35:54.376 [DEBU] {0096ac09e68f4917d883ee5c0a12ac1d} [  6 ms] [default] [goFrameMall] [rows:0  ] SELECT `order_id`,`goods_id`,`count`,`pay_type`,`remark`,`price`,`coupon_price`,`actual_price` FROM `order_goods_info` WHERE `order_id`=2
2023-03-05 23:35:54.378 [DEBU] {0096ac09e68f4917d883ee5c0a12ac1d} [  1 ms] [default] [goFrameMall] [rows:0  ] SELECT `order_id`,`goods_id`,`count`,`pay_type`,`remark`,`price`,`coupon_price`,`actual_price` FROM `order_goods_info` WHERE `order_id`=3
2023-03-05 23:35:54.405 [DEBU] {0096ac09e68f4917d883ee5c0a12ac1d} [  9 ms] [default] [goFrameMall] [rows:0  ] SELECT `order_id`,`goods_id`,`count`,`pay_type`,`remark`,`price`,`coupon_price`,`actual_price` FROM `order_goods_info` WHERE `order_id`=4
2023-03-05 23:35:54.423 [DEBU] {0096ac09e68f4917d883ee5c0a12ac1d} [  2 ms] [default] [goFrameMall] [rows:0  ] SELECT `order_id`,`goods_id`,`count`,`pay_type`,`remark`,`price`,`coupon_price`,`actual_price` FROM `order_goods_info` WHERE `order_id`=5
2023-03-05 23:35:54.424 [DEBU] {0096ac09e68f4917d883ee5c0a12ac1d} [  1 ms] [default] [goFrameMall] [rows:0  ] SELECT `order_id`,`goods_id`,`count`,`pay_type`,`remark`,`price`,`coupon_price`,`actual_price` FROM `order_goods_info` WHERE `order_id`=6
2023-03-05 23:35:54.425 [DEBU] {0096ac09e68f4917d883ee5c0a12ac1d} [  1 ms] [default] [goFrameMall] [rows:0  ] SELECT `order_id`,`goods_id`,`count`,`pay_type`,`remark`,`price`,`coupon_price`,`actual_price` FROM `order_goods_info` WHERE `order_id`=7
2023-03-05 23:35:54.427 [DEBU] {0096ac09e68f4917d883ee5c0a12ac1d} [  1 ms] [default] [goFrameMall] [rows:2  ] SELECT `order_id`,`goods_id`,`count`,`pay_type`,`remark`,`price`,`coupon_price`,`actual_price` FROM `order_goods_info` WHERE `order_id`=8
2023-03-05 23:35:54.439 [DEBU] {0096ac09e68f4917d883ee5c0a12ac1d} [  1 ms] [default] [goFrameMall] [rows:0  ] SELECT `order_id`,`goods_id`,`count`,`pay_type`,`remark`,`price`,`coupon_price`,`actual_price` FROM `order_goods_info` WHERE `order_id`=9
2023-03-05 23:35:54.440 [DEBU] {0096ac09e68f4917d883ee5c0a12ac1d} [  1 ms] [default] [goFrameMall] [rows:0  ] SELECT `order_id`,`goods_id`,`count`,`pay_type`,`remark`,`price`,`coupon_price`,`actual_price` FROM `order_goods_info` WHERE `order_id`=10
2023-03-05 23:37:44.138 [DEBU] {a8e5a199ff8f4917d983ee5c30ecf8af} [  8 ms] [default] [goFrameMall] [rows:1  ] SELECT `number`,`user_id`,`pay_type`,`remark`,`pay_at`,`status`,`consignee_name`,`consignee_phone`,`consignee_address`,`price`,`actual_price` FROM `order_info` WHERE `id`=8 LIMIT 1
2023-03-05 23:37:44.141 [DEBU] {a8e5a199ff8f4917d983ee5c30ecf8af} [  1 ms] [default] [goFrameMall] [rows:2  ] SELECT `order_id`,`goods_id`,`count`,`pay_type`,`remark`,`price`,`coupon_price`,`actual_price` FROM `order_goods_info` WHERE `order_id`=8
2023-03-05 23:48:46.891 [DEBU] {0015e0e899904917da83ee5c8694920a} [  7 ms] [default] [goFrameMall] [rows:10 ] SELECT `id`,`number`,`user_id`,`pay_type`,`created_at`,`updated_at`,`remark`,`pay_at`,`status`,`consignee_name`,`consignee_phone`,`consignee_address`,`price`,`coupon_price`,`actual_price` FROM `order_info` LIMIT 0,10
2023-03-05 23:48:46.895 [DEBU] {0015e0e899904917da83ee5c8694920a} [  3 ms] [default] [goFrameMall] [rows:1  ] SELECT COUNT(1) FROM `order_info`
2023-03-05 23:48:46.896 [DEBU] {0015e0e899904917da83ee5c8694920a} [  1 ms] [default] [goFrameMall] [rows:10 ] SELECT `id`,`created_at`,`updated_at` FROM `order_info` LIMIT 0,10
2023-03-05 23:48:46.898 [DEBU] {0015e0e899904917da83ee5c8694920a} [  1 ms] [default] [goFrameMall] [rows:1  ] SELECT `order_id`,`goods_id`,`count`,`pay_type`,`remark`,`price`,`coupon_price`,`actual_price` FROM `order_goods_info` WHERE `order_id`=1
2023-03-05 23:48:46.898 [DEBU] {0015e0e899904917da83ee5c8694920a} [  0 ms] [default] [goFrameMall] [rows:0  ] SELECT `order_id`,`goods_id`,`count`,`pay_type`,`remark`,`price`,`coupon_price`,`actual_price` FROM `order_goods_info` WHERE `order_id`=2
2023-03-05 23:48:46.899 [DEBU] {0015e0e899904917da83ee5c8694920a} [  0 ms] [default] [goFrameMall] [rows:0  ] SELECT `order_id`,`goods_id`,`count`,`pay_type`,`remark`,`price`,`coupon_price`,`actual_price` FROM `order_goods_info` WHERE `order_id`=3
2023-03-05 23:48:46.899 [DEBU] {0015e0e899904917da83ee5c8694920a} [  0 ms] [default] [goFrameMall] [rows:0  ] SELECT `order_id`,`goods_id`,`count`,`pay_type`,`remark`,`price`,`coupon_price`,`actual_price` FROM `order_goods_info` WHERE `order_id`=4
2023-03-05 23:48:46.900 [DEBU] {0015e0e899904917da83ee5c8694920a} [  1 ms] [default] [goFrameMall] [rows:0  ] SELECT `order_id`,`goods_id`,`count`,`pay_type`,`remark`,`price`,`coupon_price`,`actual_price` FROM `order_goods_info` WHERE `order_id`=5
2023-03-05 23:48:46.901 [DEBU] {0015e0e899904917da83ee5c8694920a} [  1 ms] [default] [goFrameMall] [rows:0  ] SELECT `order_id`,`goods_id`,`count`,`pay_type`,`remark`,`price`,`coupon_price`,`actual_price` FROM `order_goods_info` WHERE `order_id`=6
2023-03-05 23:48:46.901 [DEBU] {0015e0e899904917da83ee5c8694920a} [  0 ms] [default] [goFrameMall] [rows:0  ] SELECT `order_id`,`goods_id`,`count`,`pay_type`,`remark`,`price`,`coupon_price`,`actual_price` FROM `order_goods_info` WHERE `order_id`=7
2023-03-05 23:48:46.902 [DEBU] {0015e0e899904917da83ee5c8694920a} [  1 ms] [default] [goFrameMall] [rows:2  ] SELECT `order_id`,`goods_id`,`count`,`pay_type`,`remark`,`price`,`coupon_price`,`actual_price` FROM `order_goods_info` WHERE `order_id`=8
2023-03-05 23:48:46.902 [DEBU] {0015e0e899904917da83ee5c8694920a} [  0 ms] [default] [goFrameMall] [rows:0  ] SELECT `order_id`,`goods_id`,`count`,`pay_type`,`remark`,`price`,`coupon_price`,`actual_price` FROM `order_goods_info` WHERE `order_id`=9
2023-03-05 23:48:46.902 [DEBU] {0015e0e899904917da83ee5c8694920a} [  0 ms] [default] [goFrameMall] [rows:0  ] SELECT `order_id`,`goods_id`,`count`,`pay_type`,`remark`,`price`,`coupon_price`,`actual_price` FROM `order_goods_info` WHERE `order_id`=10
2023-03-05 23:48:55.148 [DEBU] {70f272d49b9049172b97cd18228be9a2} [ 14 ms] [default] [goFrameMall] [rows:15 ] SHOW FULL COLUMNS FROM `order_info`
2023-03-05 23:48:55.149 [DEBU] {70f272d49b9049172b97cd18228be9a2} [  1 ms] [default] [goFrameMall] [rows:10 ] SELECT `id`,`number`,`user_id`,`pay_type`,`created_at`,`updated_at`,`remark`,`pay_at`,`status`,`consignee_name`,`consignee_phone`,`consignee_address`,`price`,`coupon_price`,`actual_price` FROM `order_info` LIMIT 0,10
2023-03-05 23:48:55.153 [DEBU] {70f272d49b9049172b97cd18228be9a2} [  2 ms] [default] [goFrameMall] [rows:1  ] SELECT COUNT(1) FROM `order_info`
2023-03-05 23:49:39.298 [DEBU] {4844741ca69049175215cb4e88d83a15} [  8 ms] [default] [goFrameMall] [rows:15 ] SHOW FULL COLUMNS FROM `order_info`
2023-03-05 23:49:39.299 [DEBU] {4844741ca69049175215cb4e88d83a15} [  0 ms] [default] [goFrameMall] [rows:10 ] SELECT `id`,`number`,`user_id`,`pay_type`,`created_at`,`updated_at`,`remark`,`pay_at`,`status`,`consignee_name`,`consignee_phone`,`consignee_address`,`price`,`coupon_price`,`actual_price` FROM `order_info` LIMIT 0,10
2023-03-05 23:49:39.301 [DEBU] {4844741ca69049175215cb4e88d83a15} [  1 ms] [default] [goFrameMall] [rows:1  ] SELECT COUNT(1) FROM `order_info`
2023-03-05 23:49:39.302 [DEBU] {4844741ca69049175215cb4e88d83a15} [  0 ms] [default] [goFrameMall] [rows:10 ] SELECT `id`,`created_at`,`updated_at` FROM `order_info` LIMIT 0,10
2023-03-05 23:49:39.302 [DEBU] {4844741ca69049175215cb4e88d83a15} [  0 ms] [default] [goFrameMall] [rows:10 ] SELECT `number`,`user_id`,`pay_type`,`remark`,`pay_at`,`status`,`consignee_name`,`consignee_phone`,`consignee_address`,`price`,`actual_price` FROM `order_info` LIMIT 0,10
2023-03-05 23:49:39.304 [DEBU] {4844741ca69049175215cb4e88d83a15} [  2 ms] [default] [goFrameMall] [rows:13 ] SHOW FULL COLUMNS FROM `order_goods_info`
2023-03-05 23:49:39.312 [DEBU] {4844741ca69049175215cb4e88d83a15} [  7 ms] [default] [goFrameMall] [rows:1  ] SELECT `order_id`,`goods_id`,`count`,`pay_type`,`remark`,`price`,`coupon_price`,`actual_price` FROM `order_goods_info` WHERE `order_id`=1
2023-03-05 23:49:39.313 [DEBU] {4844741ca69049175215cb4e88d83a15} [  1 ms] [default] [goFrameMall] [rows:10 ] SELECT `number`,`user_id`,`pay_type`,`remark`,`pay_at`,`status`,`consignee_name`,`consignee_phone`,`consignee_address`,`price`,`actual_price` FROM `order_info` LIMIT 0,10
2023-03-05 23:49:39.314 [DEBU] {4844741ca69049175215cb4e88d83a15} [  1 ms] [default] [goFrameMall] [rows:0  ] SELECT `order_id`,`goods_id`,`count`,`pay_type`,`remark`,`price`,`coupon_price`,`actual_price` FROM `order_goods_info` WHERE `order_id`=2
2023-03-05 23:49:39.315 [DEBU] {4844741ca69049175215cb4e88d83a15} [  1 ms] [default] [goFrameMall] [rows:10 ] SELECT `number`,`user_id`,`pay_type`,`remark`,`pay_at`,`status`,`consignee_name`,`consignee_phone`,`consignee_address`,`price`,`actual_price` FROM `order_info` LIMIT 0,10
2023-03-05 23:49:39.315 [DEBU] {4844741ca69049175215cb4e88d83a15} [  0 ms] [default] [goFrameMall] [rows:0  ] SELECT `order_id`,`goods_id`,`count`,`pay_type`,`remark`,`price`,`coupon_price`,`actual_price` FROM `order_goods_info` WHERE `order_id`=3
2023-03-05 23:49:39.316 [DEBU] {4844741ca69049175215cb4e88d83a15} [  1 ms] [default] [goFrameMall] [rows:10 ] SELECT `number`,`user_id`,`pay_type`,`remark`,`pay_at`,`status`,`consignee_name`,`consignee_phone`,`consignee_address`,`price`,`actual_price` FROM `order_info` LIMIT 0,10
2023-03-05 23:49:39.317 [DEBU] {4844741ca69049175215cb4e88d83a15} [  1 ms] [default] [goFrameMall] [rows:0  ] SELECT `order_id`,`goods_id`,`count`,`pay_type`,`remark`,`price`,`coupon_price`,`actual_price` FROM `order_goods_info` WHERE `order_id`=4
2023-03-05 23:49:39.317 [DEBU] {4844741ca69049175215cb4e88d83a15} [  0 ms] [default] [goFrameMall] [rows:10 ] SELECT `number`,`user_id`,`pay_type`,`remark`,`pay_at`,`status`,`consignee_name`,`consignee_phone`,`consignee_address`,`price`,`actual_price` FROM `order_info` LIMIT 0,10
2023-03-05 23:49:39.318 [DEBU] {4844741ca69049175215cb4e88d83a15} [  1 ms] [default] [goFrameMall] [rows:0  ] SELECT `order_id`,`goods_id`,`count`,`pay_type`,`remark`,`price`,`coupon_price`,`actual_price` FROM `order_goods_info` WHERE `order_id`=5
2023-03-05 23:49:39.318 [DEBU] {4844741ca69049175215cb4e88d83a15} [  0 ms] [default] [goFrameMall] [rows:10 ] SELECT `number`,`user_id`,`pay_type`,`remark`,`pay_at`,`status`,`consignee_name`,`consignee_phone`,`consignee_address`,`price`,`actual_price` FROM `order_info` LIMIT 0,10
2023-03-05 23:49:39.319 [DEBU] {4844741ca69049175215cb4e88d83a15} [  1 ms] [default] [goFrameMall] [rows:0  ] SELECT `order_id`,`goods_id`,`count`,`pay_type`,`remark`,`price`,`coupon_price`,`actual_price` FROM `order_goods_info` WHERE `order_id`=6
2023-03-05 23:49:39.319 [DEBU] {4844741ca69049175215cb4e88d83a15} [  0 ms] [default] [goFrameMall] [rows:10 ] SELECT `number`,`user_id`,`pay_type`,`remark`,`pay_at`,`status`,`consignee_name`,`consignee_phone`,`consignee_address`,`price`,`actual_price` FROM `order_info` LIMIT 0,10
2023-03-05 23:49:39.320 [DEBU] {4844741ca69049175215cb4e88d83a15} [  0 ms] [default] [goFrameMall] [rows:0  ] SELECT `order_id`,`goods_id`,`count`,`pay_type`,`remark`,`price`,`coupon_price`,`actual_price` FROM `order_goods_info` WHERE `order_id`=7
2023-03-05 23:49:39.334 [DEBU] {4844741ca69049175215cb4e88d83a15} [  1 ms] [default] [goFrameMall] [rows:10 ] SELECT `number`,`user_id`,`pay_type`,`remark`,`pay_at`,`status`,`consignee_name`,`consignee_phone`,`consignee_address`,`price`,`actual_price` FROM `order_info` LIMIT 0,10
2023-03-05 23:49:39.334 [DEBU] {4844741ca69049175215cb4e88d83a15} [  0 ms] [default] [goFrameMall] [rows:2  ] SELECT `order_id`,`goods_id`,`count`,`pay_type`,`remark`,`price`,`coupon_price`,`actual_price` FROM `order_goods_info` WHERE `order_id`=8
2023-03-05 23:49:39.335 [DEBU] {4844741ca69049175215cb4e88d83a15} [  1 ms] [default] [goFrameMall] [rows:10 ] SELECT `number`,`user_id`,`pay_type`,`remark`,`pay_at`,`status`,`consignee_name`,`consignee_phone`,`consignee_address`,`price`,`actual_price` FROM `order_info` LIMIT 0,10
2023-03-05 23:49:39.335 [DEBU] {4844741ca69049175215cb4e88d83a15} [  0 ms] [default] [goFrameMall] [rows:0  ] SELECT `order_id`,`goods_id`,`count`,`pay_type`,`remark`,`price`,`coupon_price`,`actual_price` FROM `order_goods_info` WHERE `order_id`=9
2023-03-05 23:49:39.336 [DEBU] {4844741ca69049175215cb4e88d83a15} [  1 ms] [default] [goFrameMall] [rows:10 ] SELECT `number`,`user_id`,`pay_type`,`remark`,`pay_at`,`status`,`consignee_name`,`consignee_phone`,`consignee_address`,`price`,`actual_price` FROM `order_info` LIMIT 0,10
2023-03-05 23:49:39.336 [DEBU] {4844741ca69049175215cb4e88d83a15} [  0 ms] [default] [goFrameMall] [rows:0  ] SELECT `order_id`,`goods_id`,`count`,`pay_type`,`remark`,`price`,`coupon_price`,`actual_price` FROM `order_goods_info` WHERE `order_id`=10
2023-03-05 23:50:31.020 [DEBU] {e8b62727b2904917de32fd390d18bb3b} [ 11 ms] [default] [goFrameMall] [rows:15 ] SHOW FULL COLUMNS FROM `order_info`
2023-03-05 23:50:31.022 [DEBU] {e8b62727b2904917de32fd390d18bb3b} [  2 ms] [default] [goFrameMall] [rows:10 ] SELECT `id`,`number`,`user_id`,`pay_type`,`created_at`,`updated_at`,`remark`,`pay_at`,`status`,`consignee_name`,`consignee_phone`,`consignee_address`,`price`,`coupon_price`,`actual_price` FROM `order_info` LIMIT 0,10
2023-03-05 23:50:31.025 [DEBU] {e8b62727b2904917de32fd390d18bb3b} [  1 ms] [default] [goFrameMall] [rows:1  ] SELECT COUNT(1) FROM `order_info`
2023-03-05 23:50:31.027 [DEBU] {e8b62727b2904917de32fd390d18bb3b} [  1 ms] [default] [goFrameMall] [rows:10 ] SELECT `id`,`created_at`,`updated_at` FROM `order_info` LIMIT 0,10
2023-03-05 23:50:31.029 [DEBU] {e8b62727b2904917de32fd390d18bb3b} [  1 ms] [default] [goFrameMall] [rows:10 ] SELECT `number`,`user_id`,`pay_type`,`remark`,`pay_at`,`status`,`consignee_name`,`consignee_phone`,`consignee_address`,`price`,`actual_price` FROM `order_info` LIMIT 0,10
2023-03-05 23:50:31.033 [DEBU] {e8b62727b2904917de32fd390d18bb3b} [  4 ms] [default] [goFrameMall] [rows:13 ] SHOW FULL COLUMNS FROM `order_goods_info`
2023-03-05 23:50:31.034 [DEBU] {e8b62727b2904917de32fd390d18bb3b} [  1 ms] [default] [goFrameMall] [rows:1  ] SELECT `order_id`,`goods_id`,`count`,`pay_type`,`remark`,`price`,`coupon_price`,`actual_price` FROM `order_goods_info` WHERE `order_id`=1
2023-03-05 23:50:31.035 [DEBU] {e8b62727b2904917de32fd390d18bb3b} [  1 ms] [default] [goFrameMall] [rows:10 ] SELECT `number`,`user_id`,`pay_type`,`remark`,`pay_at`,`status`,`consignee_name`,`consignee_phone`,`consignee_address`,`price`,`actual_price` FROM `order_info` LIMIT 0,10
2023-03-05 23:50:31.036 [DEBU] {e8b62727b2904917de32fd390d18bb3b} [  0 ms] [default] [goFrameMall] [rows:0  ] SELECT `order_id`,`goods_id`,`count`,`pay_type`,`remark`,`price`,`coupon_price`,`actual_price` FROM `order_goods_info` WHERE `order_id`=2
2023-03-05 23:50:31.037 [DEBU] {e8b62727b2904917de32fd390d18bb3b} [  0 ms] [default] [goFrameMall] [rows:10 ] SELECT `number`,`user_id`,`pay_type`,`remark`,`pay_at`,`status`,`consignee_name`,`consignee_phone`,`consignee_address`,`price`,`actual_price` FROM `order_info` LIMIT 0,10
2023-03-05 23:50:31.039 [DEBU] {e8b62727b2904917de32fd390d18bb3b} [  1 ms] [default] [goFrameMall] [rows:0  ] SELECT `order_id`,`goods_id`,`count`,`pay_type`,`remark`,`price`,`coupon_price`,`actual_price` FROM `order_goods_info` WHERE `order_id`=3
2023-03-05 23:50:31.042 [DEBU] {e8b62727b2904917de32fd390d18bb3b} [  1 ms] [default] [goFrameMall] [rows:10 ] SELECT `number`,`user_id`,`pay_type`,`remark`,`pay_at`,`status`,`consignee_name`,`consignee_phone`,`consignee_address`,`price`,`actual_price` FROM `order_info` LIMIT 0,10
2023-03-05 23:50:31.046 [DEBU] {e8b62727b2904917de32fd390d18bb3b} [  2 ms] [default] [goFrameMall] [rows:0  ] SELECT `order_id`,`goods_id`,`count`,`pay_type`,`remark`,`price`,`coupon_price`,`actual_price` FROM `order_goods_info` WHERE `order_id`=4
2023-03-05 23:50:31.048 [DEBU] {e8b62727b2904917de32fd390d18bb3b} [  1 ms] [default] [goFrameMall] [rows:10 ] SELECT `number`,`user_id`,`pay_type`,`remark`,`pay_at`,`status`,`consignee_name`,`consignee_phone`,`consignee_address`,`price`,`actual_price` FROM `order_info` LIMIT 0,10
2023-03-05 23:50:31.094 [DEBU] {e8b62727b2904917de32fd390d18bb3b} [  1 ms] [default] [goFrameMall] [rows:0  ] SELECT `order_id`,`goods_id`,`count`,`pay_type`,`remark`,`price`,`coupon_price`,`actual_price` FROM `order_goods_info` WHERE `order_id`=5
2023-03-05 23:50:31.095 [DEBU] {e8b62727b2904917de32fd390d18bb3b} [  1 ms] [default] [goFrameMall] [rows:10 ] SELECT `number`,`user_id`,`pay_type`,`remark`,`pay_at`,`status`,`consignee_name`,`consignee_phone`,`consignee_address`,`price`,`actual_price` FROM `order_info` LIMIT 0,10
2023-03-05 23:50:31.096 [DEBU] {e8b62727b2904917de32fd390d18bb3b} [  0 ms] [default] [goFrameMall] [rows:0  ] SELECT `order_id`,`goods_id`,`count`,`pay_type`,`remark`,`price`,`coupon_price`,`actual_price` FROM `order_goods_info` WHERE `order_id`=6
2023-03-05 23:50:31.097 [DEBU] {e8b62727b2904917de32fd390d18bb3b} [  1 ms] [default] [goFrameMall] [rows:10 ] SELECT `number`,`user_id`,`pay_type`,`remark`,`pay_at`,`status`,`consignee_name`,`consignee_phone`,`consignee_address`,`price`,`actual_price` FROM `order_info` LIMIT 0,10
2023-03-05 23:50:31.098 [DEBU] {e8b62727b2904917de32fd390d18bb3b} [  1 ms] [default] [goFrameMall] [rows:0  ] SELECT `order_id`,`goods_id`,`count`,`pay_type`,`remark`,`price`,`coupon_price`,`actual_price` FROM `order_goods_info` WHERE `order_id`=7
2023-03-05 23:50:31.098 [DEBU] {e8b62727b2904917de32fd390d18bb3b} [  0 ms] [default] [goFrameMall] [rows:10 ] SELECT `number`,`user_id`,`pay_type`,`remark`,`pay_at`,`status`,`consignee_name`,`consignee_phone`,`consignee_address`,`price`,`actual_price` FROM `order_info` LIMIT 0,10
2023-03-05 23:50:31.100 [DEBU] {e8b62727b2904917de32fd390d18bb3b} [  1 ms] [default] [goFrameMall] [rows:2  ] SELECT `order_id`,`goods_id`,`count`,`pay_type`,`remark`,`price`,`coupon_price`,`actual_price` FROM `order_goods_info` WHERE `order_id`=8
2023-03-05 23:50:31.101 [DEBU] {e8b62727b2904917de32fd390d18bb3b} [  1 ms] [default] [goFrameMall] [rows:10 ] SELECT `number`,`user_id`,`pay_type`,`remark`,`pay_at`,`status`,`consignee_name`,`consignee_phone`,`consignee_address`,`price`,`actual_price` FROM `order_info` LIMIT 0,10
2023-03-05 23:50:31.102 [DEBU] {e8b62727b2904917de32fd390d18bb3b} [  1 ms] [default] [goFrameMall] [rows:0  ] SELECT `order_id`,`goods_id`,`count`,`pay_type`,`remark`,`price`,`coupon_price`,`actual_price` FROM `order_goods_info` WHERE `order_id`=9
2023-03-05 23:50:31.103 [DEBU] {e8b62727b2904917de32fd390d18bb3b} [  1 ms] [default] [goFrameMall] [rows:10 ] SELECT `number`,`user_id`,`pay_type`,`remark`,`pay_at`,`status`,`consignee_name`,`consignee_phone`,`consignee_address`,`price`,`actual_price` FROM `order_info` LIMIT 0,10
2023-03-05 23:50:31.104 [DEBU] {e8b62727b2904917de32fd390d18bb3b} [  0 ms] [default] [goFrameMall] [rows:0  ] SELECT `order_id`,`goods_id`,`count`,`pay_type`,`remark`,`price`,`coupon_price`,`actual_price` FROM `order_goods_info` WHERE `order_id`=10
